2026-03-12 20:46:57.438 | INFO     | __main__:extract_key_frames:42 - Starting scene detection for E:\片\EVA新世纪福音战士\旧TV+剧场版\01.mkv...
2026-03-12 20:49:20.751 | INFO     | __main__:extract_key_frames:47 - Detected 410 scenes in E:\片\EVA新世纪福音战士\旧TV+剧场版\01.mkv
2026-03-12 20:55:11.735 | INFO     | __main__:extract_key_frames:44 - Starting scene detection for E:\片\EVA新世纪福音战士\旧TV+剧场版\02.mkv...
2026-03-12 20:57:31.593 | INFO     | __main__:extract_key_frames:50 - Detected 397 scenes in E:\片\EVA新世纪福音战士\旧TV+剧场版\02.mkv
2026-03-12 20:57:58.616 | INFO     | __main__:extract_key_frames:63 - Scene detection and key frame extraction completed in 166.88 seconds.
2026-03-12 21:02:34.776 | INFO     | __main__:extract_key_frames:45 - Starting scene detection for E:\片\EVA新世纪福音战士\旧TV+剧场版\02.mkv...
2026-03-12 21:05:00.935 | INFO     | __main__:extract_key_frames:51 - Detected 397 scenes in E:\片\EVA新世纪福音战士\旧TV+剧场版\02.mkv
2026-03-12 21:05:28.085 | INFO     | __main__:extract_key_frames:64 - Scene detection and key frame extraction completed in 173.31 seconds.
2026-03-12 21:07:13.063 | INFO     | __main__:extract_key_frames:45 - Starting scene detection for E:\片\EVA新世纪福音战士\旧TV+剧场版\02.mkv...
2026-03-12 21:09:30.562 | INFO     | __main__:extract_key_frames:51 - Detected 397 scenes in E:\片\EVA新世纪福音战士\旧TV+剧场版\02.mkv
2026-03-12 21:09:57.540 | INFO     | __main__:extract_key_frames:64 - Scene detection and key frame extraction completed in 164.48 seconds.
2026-03-12 21:22:46.504 | INFO     | __main__:extract_key_frames_fast:40 - Starting extremely fast frame extraction for E:\片\不要点进来\C\3498281470\Iwara - VAM_芙莉莲Frieren [I0YqmLIPecavcb] [540].mp4...
2026-03-12 21:23:03.894 | INFO     | __main__:extract_key_frames_fast:40 - Starting extremely fast frame extraction for E:\片\不要点进来\C\3498281470\Iwara - VAM_芙莉莲Frieren [I0YqmLIPecavcb] [540].mp4...
2026-03-12 21:23:44.161 | INFO     | __main__:extract_key_frames:45 - Starting scene detection for E:\片\不要点进来\C\3498281470\Iwara - VAM_芙莉莲Frieren [I0YqmLIPecavcb] [540].mp4...
2026-03-12 21:23:51.057 | INFO     | __main__:extract_key_frames:51 - Detected 0 scenes in E:\片\不要点进来\C\3498281470\Iwara - VAM_芙莉莲Frieren [I0YqmLIPecavcb] [540].mp4
2026-03-12 21:23:51.057 | INFO     | __main__:extract_key_frames:64 - Scene detection and key frame extraction completed in 6.89 seconds.
2026-03-12 21:25:02.427 | INFO     | __main__:extract_key_frames:45 - Starting scene detection for E:\片\不要点进来\C\3498281470\Iwara - VAM_芙莉莲Frieren [I0YqmLIPecavcb] [540].mp4...
2026-03-12 21:25:09.922 | INFO     | __main__:extract_key_frames:51 - Detected 0 scenes in E:\片\不要点进来\C\3498281470\Iwara - VAM_芙莉莲Frieren [I0YqmLIPecavcb] [540].mp4
2026-03-12 21:25:09.922 | INFO     | __main__:extract_key_frames:64 - Scene detection and key frame extraction completed in 7.49 seconds.
2026-03-12 21:25:32.298 | INFO     | __main__:extract_key_frames_fast:40 - Starting extremely fast frame extraction for E:\片\不要点进来\C\3498281470\Iwara - VAM_芙莉莲Frieren [I0YqmLIPecavcb] [540].mp4...
2026-03-12 21:25:43.265 | INFO     | __main__:extract_key_frames:45 - Starting scene detection for E:\片\不要点进来\C\3498281470\Iwara - VAM_芙莉莲Frieren [I0YqmLIPecavcb] [540].mp4...
2026-03-12 21:25:49.977 | INFO     | __main__:extract_key_frames:51 - Detected 0 scenes in E:\片\不要点进来\C\3498281470\Iwara - VAM_芙莉莲Frieren [I0YqmLIPecavcb] [540].mp4
2026-03-12 21:25:49.977 | INFO     | __main__:extract_key_frames:64 - Scene detection and key frame extraction completed in 6.71 seconds.
2026-03-12 21:27:01.065 | INFO     | __main__:extract_key_frames:45 - Starting scene detection for E:\片\不要点进来\C\3522708714\VAM_Frieren 企鹅群443281762.mp4...
2026-03-12 21:28:25.436 | INFO     | __main__:extract_key_frames:51 - Detected 0 scenes in E:\片\不要点进来\C\3522708714\VAM_Frieren 企鹅群443281762.mp4
2026-03-12 21:28:25.437 | INFO     | __main__:extract_key_frames:64 - Scene detection and key frame extraction completed in 84.37 seconds.
2026-03-12 21:29:55.235 | INFO     | __main__:extract_key_frames:45 - Starting scene detection for E:\片\EVA新世纪福音战士\旧TV+剧场版\01.mkv...
2026-03-12 21:32:27.649 | INFO     | __main__:extract_key_frames:51 - Detected 418 scenes in E:\片\EVA新世纪福音战士\旧TV+剧场版\01.mkv
2026-03-12 21:32:56.636 | INFO     | __main__:extract_key_frames:64 - Scene detection and key frame extraction completed in 181.40 seconds.
2026-03-12 21:44:34.005 | INFO     | __main__:extract_key_frames:45 - Starting scene detection for E:\片\不要点进来\C\3522708714\VAM_Frieren 企鹅群443281762.mp4...
2026-03-12 21:45:58.050 | INFO     | __main__:extract_key_frames:51 - Detected 634 scenes in E:\片\不要点进来\C\3522708714\VAM_Frieren 企鹅群443281762.mp4
2026-03-12 21:46:36.547 | INFO     | __main__:extract_key_frames:64 - Scene detection and key frame extraction completed in 122.54 seconds.
2026-03-12 23:07:18.873 | INFO     | __main__:<module>:154 - === Starting Smart Keyframe Extraction Test ===
2026-03-12 23:07:18.874 | INFO     | __main__:<module>:155 - Target Video: E:\片\不要点进来\C\3498281470\Iwara - VAM_芙莉莲Frieren [I0YqmLIPecavcb] [540].mp4
2026-03-12 23:07:18.875 | INFO     | __main__:extract_frames_with_fallback:58 - Extracting raw frames (trying I-frames first)...
2026-03-12 23:07:20.012 | INFO     | __main__:__init__:19 - Initializing MobileNetV3 for frame deduplication...
2026-03-12 23:07:25.113 | INFO     | __main__:extract_key_frames_smart:113 - Filtering 33 raw frames through deep semantic deduplication...
2026-03-12 23:07:25.729 | INFO     | __main__:extract_key_frames_smart:136 - Deduplication finished in 5.72s.
2026-03-12 23:07:25.731 | INFO     | __main__:extract_key_frames_smart:137 - Reduced from 33 raw frames to 27 keyframes.
2026-03-12 23:07:25.740 | INFO     | __main__:extract_key_frames_smart:146 - Total processing time: 6.87s
2026-03-12 23:07:25.740 | INFO     | __main__:<module>:166 - === Test Completed ===
2026-03-12 23:08:21.796 | INFO     | __main__:<module>:154 - === Starting Smart Keyframe Extraction Test ===
2026-03-12 23:08:21.797 | INFO     | __main__:<module>:155 - Target Video: E:\片\EVA新世纪福音战士\新剧场版\EVA新世纪福音战士新剧场版3.0+1.01：终.mkv
2026-03-12 23:08:21.798 | INFO     | __main__:extract_frames_with_fallback:58 - Extracting raw frames (trying I-frames first)...
2026-03-12 23:13:00.854 | INFO     | __main__:__init__:19 - Initializing MobileNetV3 for frame deduplication...
2026-03-12 23:13:00.918 | INFO     | __main__:extract_key_frames_smart:113 - Filtering 2587 raw frames through deep semantic deduplication...
2026-03-12 23:14:00.713 | INFO     | __main__:extract_key_frames_smart:136 - Deduplication finished in 59.86s.
2026-03-12 23:14:00.714 | INFO     | __main__:extract_key_frames_smart:137 - Reduced from 2587 raw frames to 2560 keyframes.
2026-03-12 23:14:00.725 | INFO     | __main__:extract_key_frames_smart:146 - Total processing time: 338.93s
2026-03-12 23:14:00.725 | INFO     | __main__:<module>:166 - === Test Completed ===
2026-03-12 23:15:20.929 | INFO     | __main__:<module>:154 - === Starting Smart Keyframe Extraction Test ===
2026-03-12 23:15:20.930 | INFO     | __main__:<module>:155 - Target Video: E:\片\EVA新世纪福音战士\旧TV+剧场版\03.mkv
2026-03-12 23:15:20.932 | INFO     | __main__:extract_frames_with_fallback:58 - Extracting raw frames (trying I-frames first)...
2026-03-12 23:15:50.510 | INFO     | __main__:__init__:19 - Initializing MobileNetV3 for frame deduplication...
2026-03-12 23:15:50.567 | INFO     | __main__:extract_key_frames_smart:113 - Filtering 448 raw frames through deep semantic deduplication...
2026-03-12 23:15:59.727 | INFO     | __main__:extract_key_frames_smart:136 - Deduplication finished in 9.22s.
2026-03-12 23:15:59.727 | INFO     | __main__:extract_key_frames_smart:137 - Reduced from 448 raw frames to 425 keyframes.
2026-03-12 23:15:59.739 | INFO     | __main__:extract_key_frames_smart:146 - Total processing time: 38.81s
2026-03-12 23:15:59.740 | INFO     | __main__:<module>:166 - === Test Completed ===
2026-03-12 23:26:56.183 | INFO     | __main__:<module>:202 - === Starting Smart Keyframe Extraction Test ===
2026-03-12 23:26:56.185 | INFO     | __main__:<module>:203 - Target Video: E:\片\EVA新世纪福音战士\新剧场版\EVA新世纪福音战士新剧场版3.0+1.01：终.mkv
2026-03-12 23:26:56.186 | INFO     | __main__:extract_frames_with_fallback:94 - Extracting raw candidate frames using stable scene detect...
2026-03-12 23:32:05.818 | WARNING  | __main__:extract_frames_with_fallback:128 - Discarded 19491 severely corrupted frames.
2026-03-12 23:32:05.826 | INFO     | __main__:<module>:213 - === Test Completed ===
2026-03-12 23:36:59.532 | INFO     | __main__:<module>:202 - === Starting Smart Keyframe Extraction Test ===
2026-03-12 23:36:59.533 | INFO     | __main__:<module>:203 - Target Video: E:\片\EVA新世纪福音战士\旧TV+剧场版\04.mkv
2026-03-12 23:36:59.535 | INFO     | __main__:extract_frames_with_fallback:94 - Extracting raw candidate frames using stable scene detect...
2026-03-12 23:37:33.016 | WARNING  | __main__:extract_frames_with_fallback:128 - Discarded 976 severely corrupted frames.
2026-03-12 23:37:33.017 | INFO     | __main__:<module>:213 - === Test Completed ===
2026-03-12 23:37:55.267 | INFO     | __main__:<module>:202 - === Starting Smart Keyframe Extraction Test ===
2026-03-12 23:37:55.268 | INFO     | __main__:<module>:203 - Target Video: E:\片\EVA新世纪福音战士\旧TV+剧场版\04.mkv
2026-03-12 23:37:55.269 | INFO     | __main__:extract_frames_with_fallback:94 - Extracting raw candidate frames using stable scene detect...
2026-03-12 23:38:28.392 | WARNING  | __main__:extract_frames_with_fallback:128 - Discarded 976 severely corrupted frames.
2026-03-12 23:38:28.393 | INFO     | __main__:<module>:213 - === Test Completed ===
2026-03-12 23:38:48.319 | INFO     | __main__:<module>:202 - === Starting Smart Keyframe Extraction Test ===
2026-03-12 23:38:48.321 | INFO     | __main__:<module>:203 - Target Video: E:\片\EVA新世纪福音战士\旧TV+剧场版\04.mkv
2026-03-12 23:38:48.323 | INFO     | __main__:extract_frames_with_fallback:94 - Extracting raw candidate frames using stable scene detect...
2026-03-12 23:39:21.545 | WARNING  | __main__:extract_frames_with_fallback:128 - Discarded 976 severely corrupted frames.
2026-03-12 23:39:21.546 | INFO     | __main__:<module>:213 - === Test Completed ===
2026-03-12 23:40:14.496 | INFO     | __main__:<module>:152 - === Starting Smart Keyframe Extraction Test ===
2026-03-12 23:40:14.498 | INFO     | __main__:<module>:153 - Target Video: E:\片\EVA新世纪福音战士\旧TV+剧场版\04.mkv
2026-03-12 23:40:14.499 | INFO     | __main__:extract_frames_with_fallback:58 - Extracting raw frames (trying I-frames first)...
2026-03-12 23:40:41.146 | INFO     | __main__:__init__:19 - Initializing MobileNetV3 for frame deduplication...
2026-03-12 23:40:41.199 | INFO     | __main__:extract_key_frames_smart:113 - Filtering 383 raw frames through deep semantic deduplication...
2026-03-12 23:40:48.831 | INFO     | __main__:extract_key_frames_smart:136 - Deduplication finished in 7.69s.
2026-03-12 23:40:48.831 | INFO     | __main__:extract_key_frames_smart:137 - Reduced from 383 raw frames to 352 keyframes.
2026-03-12 23:40:48.840 | INFO     | __main__:extract_key_frames_smart:146 - Total processing time: 34.34s
2026-03-12 23:40:48.842 | INFO     | __main__:<module>:164 - === Test Completed ===
