2026-03-20 14:22:20.432 | INFO     | app.core.clip_handler:__init__:35 - CLIP instance created. Device: cpu (Model not loaded yet)
2026-03-20 14:22:30.903 | INFO     | app.core.clip_handler:_ensure_model_loaded:52 - CLIP model loaded successfully.
2026-03-20 14:22:33.264 | INFO     | app.core.db_handler.img_handler:add_img_to_database:23 - current process image: D:\stitp1\wh\picture\apple.png - Adding image to database...
2026-03-20 14:22:33.472 | INFO     | app.core.utils:vector_check:101 - Vector similarity detected: ID 1 score -2.384185791015625e-07
2026-03-20 14:22:33.473 | INFO     | app.core.utils:vector_check:101 - Vector similarity detected: ID 2 score 0.3410766124725342
2026-03-20 14:22:33.473 | INFO     | app.core.utils:vector_check:101 - Vector similarity detected: ID 3 score 0.4127047657966614
2026-03-20 14:22:33.474 | INFO     | app.core.utils:vector_check:101 - Vector similarity detected: ID 6 score 0.41801732778549194
2026-03-20 14:22:33.474 | INFO     | app.core.utils:vector_check:101 - Vector similarity detected: ID 5 score 0.422155499458313
2026-03-20 14:22:35.826 | INFO     | app.core.db_handler.img_handler:add_img_to_database:23 - current process image: D:\stitp1\wh\picture\banana.png - Adding image to database...
2026-03-20 14:22:35.842 | INFO     | app.core.utils:vector_check:101 - Vector similarity detected: ID 2 score 2.980232238769531e-07
2026-03-20 14:22:35.843 | INFO     | app.core.utils:vector_check:101 - Vector similarity detected: ID 3 score 0.2708694338798523
2026-03-20 14:22:35.843 | INFO     | app.core.utils:vector_check:101 - Vector similarity detected: ID 5 score 0.29373663663864136
2026-03-20 14:22:35.844 | INFO     | app.core.utils:vector_check:101 - Vector similarity detected: ID 4 score 0.32924139499664307
2026-03-20 14:22:35.844 | INFO     | app.core.utils:vector_check:101 - Vector similarity detected: ID 1 score 0.3410766124725342
2026-03-20 14:22:38.052 | INFO     | app.core.db_handler.img_handler:add_img_to_database:23 - current process image: D:\stitp1\wh\picture\dog1.png - Adding image to database...
2026-03-20 14:22:38.060 | INFO     | app.core.utils:vector_check:101 - Vector similarity detected: ID 3 score 4.76837158203125e-07
2026-03-20 14:22:38.062 | INFO     | app.core.utils:vector_check:101 - Vector similarity detected: ID 4 score 0.1881263256072998
2026-03-20 14:22:38.062 | INFO     | app.core.utils:vector_check:101 - Vector similarity detected: ID 5 score 0.26787567138671875
2026-03-20 14:22:38.063 | INFO     | app.core.utils:vector_check:101 - Vector similarity detected: ID 2 score 0.2708694338798523
2026-03-20 14:22:38.063 | INFO     | app.core.utils:vector_check:101 - Vector similarity detected: ID 1 score 0.4127047657966614
2026-03-20 14:22:40.294 | INFO     | app.core.db_handler.img_handler:add_img_to_database:23 - current process image: D:\stitp1\wh\picture\dog2.png - Adding image to database...
2026-03-20 14:22:40.312 | INFO     | app.core.utils:vector_check:101 - Vector similarity detected: ID 4 score 0.0
2026-03-20 14:22:40.312 | INFO     | app.core.utils:vector_check:101 - Vector similarity detected: ID 3 score 0.1881263256072998
2026-03-20 14:22:40.313 | INFO     | app.core.utils:vector_check:101 - Vector similarity detected: ID 5 score 0.2813100814819336
2026-03-20 14:22:40.313 | INFO     | app.core.utils:vector_check:101 - Vector similarity detected: ID 2 score 0.32924139499664307
2026-03-20 14:22:40.314 | INFO     | app.core.utils:vector_check:101 - Vector similarity detected: ID 6 score 0.45031803846359253
2026-03-20 14:22:42.455 | INFO     | app.core.db_handler.img_handler:add_img_to_database:23 - current process image: D:\stitp1\wh\picture\duck.png - Adding image to database...
2026-03-20 14:22:42.470 | INFO     | app.core.utils:vector_check:101 - Vector similarity detected: ID 5 score 1.1920928955078125e-07
2026-03-20 14:22:42.471 | INFO     | app.core.utils:vector_check:101 - Vector similarity detected: ID 3 score 0.26787567138671875
2026-03-20 14:22:42.472 | INFO     | app.core.utils:vector_check:101 - Vector similarity detected: ID 4 score 0.2813100814819336
2026-03-20 14:22:42.473 | INFO     | app.core.utils:vector_check:101 - Vector similarity detected: ID 2 score 0.29373663663864136
2026-03-20 14:22:42.473 | INFO     | app.core.utils:vector_check:101 - Vector similarity detected: ID 1 score 0.422155499458313
2026-03-20 14:22:44.710 | INFO     | app.core.db_handler.img_handler:add_img_to_database:23 - current process image: D:\stitp1\wh\picture\football.png - Adding image to database...
2026-03-20 14:22:44.720 | INFO     | app.core.utils:vector_check:101 - Vector similarity detected: ID 6 score 3.5762786865234375e-07
2026-03-20 14:22:44.720 | INFO     | app.core.utils:vector_check:101 - Vector similarity detected: ID 3 score 0.4177154302597046
2026-03-20 14:22:44.721 | INFO     | app.core.utils:vector_check:101 - Vector similarity detected: ID 1 score 0.41801732778549194
2026-03-20 14:22:44.721 | INFO     | app.core.utils:vector_check:101 - Vector similarity detected: ID 2 score 0.4239150285720825
2026-03-20 14:22:44.722 | INFO     | app.core.utils:vector_check:101 - Vector similarity detected: ID 4 score 0.45031803846359253
2026-03-20 14:27:25.662 | INFO     | app.core.clip_handler:__init__:35 - CLIP instance created. Device: cpu (Model not loaded yet)
2026-03-20 14:27:35.900 | INFO     | app.core.clip_handler:_ensure_model_loaded:52 - CLIP model loaded successfully.
2026-03-20 14:27:38.135 | INFO     | app.core.db_handler.img_handler:add_img_to_database:23 - current process image: D:\stitp1\wh\picture\apple.png - Adding image to database...
2026-03-20 14:27:38.195 | WARNING  | app.core.utils:vector_check:93 - No similar images found in vector database.
2026-03-20 14:27:38.349 | INFO     | app.core.db_handler.img_handler:add_img_to_database:53 - Image added successfully: ID=1, Path=D:\stitp1\wh\picture\apple.png
2026-03-20 14:27:40.658 | INFO     | app.core.db_handler.img_handler:add_img_to_database:23 - current process image: D:\stitp1\wh\picture\banana.png - Adding image to database...
2026-03-20 14:27:40.665 | INFO     | app.core.utils:vector_check:101 - Vector similarity detected: ID 1 score 0.3410766124725342
2026-03-20 14:27:42.835 | INFO     | app.core.db_handler.img_handler:add_img_to_database:23 - current process image: D:\stitp1\wh\picture\dog1.png - Adding image to database...
2026-03-20 14:27:42.842 | INFO     | app.core.utils:vector_check:101 - Vector similarity detected: ID 1 score 0.4127047657966614
2026-03-20 14:27:45.035 | INFO     | app.core.db_handler.img_handler:add_img_to_database:23 - current process image: D:\stitp1\wh\picture\dog2.png - Adding image to database...
2026-03-20 14:27:45.050 | INFO     | app.core.utils:vector_check:101 - Vector similarity detected: ID 1 score 0.46164727210998535
2026-03-20 14:27:47.249 | INFO     | app.core.db_handler.img_handler:add_img_to_database:23 - current process image: D:\stitp1\wh\picture\duck.png - Adding image to database...
2026-03-20 14:27:47.257 | INFO     | app.core.utils:vector_check:101 - Vector similarity detected: ID 1 score 0.422155499458313
2026-03-20 14:27:49.457 | INFO     | app.core.db_handler.img_handler:add_img_to_database:23 - current process image: D:\stitp1\wh\picture\football.png - Adding image to database...
2026-03-20 14:27:49.464 | INFO     | app.core.utils:vector_check:101 - Vector similarity detected: ID 1 score 0.41801732778549194
