2026-03-19 23:14:40.788 | INFO     | app.core.clip_handler:__init__:68 - CLIP (ONNX) instance created. Providers: ['CUDAExecutionProvider', 'CPUExecutionProvider']
2026-03-19 23:14:41.009 | ERROR    | app.core.clip_handler:_ensure_model_loaded:107 - Error loading CLIP models or tokenizer: 
2026-03-19 23:17:14.693 | INFO     | app.core.clip_handler:__init__:68 - CLIP (ONNX) instance created. Providers: ['CUDAExecutionProvider', 'CPUExecutionProvider']
2026-03-19 23:21:33.991 | INFO     | app.core.clip_handler:__init__:68 - CLIP (ONNX) instance created. Providers: ['CUDAExecutionProvider', 'CPUExecutionProvider']
2026-03-19 23:21:34.176 | ERROR    | app.core.clip_handler:_ensure_model_loaded:107 - Error loading CLIP models or tokenizer: 
2026-03-19 23:21:34.183 | ERROR    | app.core.clip_handler:text_extract:184 - Something wrong in clip init: text session or tokenizer not loaded
2026-03-19 23:26:42.927 | INFO     | app.core.clip_handler:__init__:68 - CLIP (ONNX) instance created. Providers: ['CUDAExecutionProvider', 'CPUExecutionProvider']
2026-03-19 23:26:43.112 | ERROR    | app.core.clip_handler:_ensure_model_loaded:107 - Error loading CLIP models or tokenizer: 
2026-03-19 23:26:43.119 | ERROR    | app.core.clip_handler:text_extract:184 - Something wrong in clip init: text session or tokenizer not loaded
2026-03-19 23:30:17.900 | INFO     | app.core.clip_handler:__init__:68 - CLIP (ONNX) instance created. Providers: ['CUDAExecutionProvider', 'CPUExecutionProvider']
2026-03-19 23:30:19.675 | INFO     | app.core.clip_handler:_ensure_model_loaded:98 - CLIP ONNX models loaded successfully.
2026-03-19 23:30:25.647 | INFO     | app.core.clip_handler:_ensure_model_loaded:104 - Tokenizer loaded successfully.
2026-03-19 23:30:25.650 | ERROR    | app.core.clip_handler:text_extract:207 - Error extracting vector for text '11111': [ONNXRuntimeError] : 2 : INVALID_ARGUMENT : Unexpected input data type. Actual: (tensor(int32)) , expected: (tensor(int64))
2026-03-19 23:33:16.966 | INFO     | app.core.clip_handler:__init__:68 - CLIP (ONNX) instance created. Providers: ['CUDAExecutionProvider', 'CPUExecutionProvider']
2026-03-19 23:33:18.740 | INFO     | app.core.clip_handler:_ensure_model_loaded:98 - CLIP ONNX models loaded successfully.
2026-03-19 23:33:29.790 | ERROR    | app.core.clip_handler:_ensure_model_loaded:107 - Error loading CLIP models or tokenizer: Cannot send a request, as the client has been closed.
2026-03-19 23:33:29.846 | ERROR    | app.core.clip_handler:text_extract:184 - Something wrong in clip init: text session or tokenizer not loaded
2026-03-19 23:34:12.316 | INFO     | app.core.clip_handler:__init__:68 - CLIP (ONNX) instance created. Providers: ['CUDAExecutionProvider', 'CPUExecutionProvider']
2026-03-19 23:34:13.755 | INFO     | app.core.clip_handler:_ensure_model_loaded:98 - CLIP ONNX models loaded successfully.
2026-03-19 23:34:16.346 | INFO     | app.core.clip_handler:_ensure_model_loaded:104 - Tokenizer loaded successfully.
2026-03-19 23:49:59.106 | INFO     | app.core.clip_handler:__init__:68 - CLIP (ONNX) instance created. Providers: ['CUDAExecutionProvider', 'CPUExecutionProvider']
2026-03-19 23:50:00.546 | INFO     | app.core.clip_handler:_ensure_model_loaded:98 - CLIP ONNX models loaded successfully.
2026-03-19 23:50:02.311 | INFO     | app.core.clip_handler:_ensure_model_loaded:104 - Tokenizer loaded successfully.
