2026-02-03 15:11:38.606 | INFO     | app.core.clip_handler:__init__:35 - CLIP instance created. Device: cuda (Model not loaded yet)
2026-02-03 15:11:42.802 | INFO     | app.core.clip_handler:_ensure_model_loaded:52 - CLIP model loaded successfully.
2026-02-03 15:11:43.208 | INFO     | app.core.db_handler.img_handler:add_img_to_database:61 - Image added successfully: ID=24, Path=D:/code/ProjectDemo/imageserch/DEMO/CI_new/backend/resource/gallery/image.png
2026-02-03 15:14:30.329 | INFO     | app.core.clip_handler:__init__:35 - CLIP instance created. Device: cuda (Model not loaded yet)
2026-02-03 15:14:33.988 | INFO     | app.core.clip_handler:_ensure_model_loaded:52 - CLIP model loaded successfully.
2026-02-03 15:17:29.896 | INFO     | app.core.db_handler.img_handler:add_img_to_database:61 - Image added successfully: ID=25, Path=D:/code/ProjectDemo/imageserch/DEMO/CI_new/backend/resource/gallery/image.png
2026-02-03 15:18:21.861 | INFO     | app.core.clip_handler:__init__:35 - CLIP instance created. Device: cuda (Model not loaded yet)
2026-02-03 15:18:25.226 | INFO     | app.core.clip_handler:_ensure_model_loaded:52 - CLIP model loaded successfully.
2026-02-03 15:18:25.589 | INFO     | app.core.db_handler.img_handler:add_img_to_database:61 - Image added successfully: ID=26, Path=D:/code/ProjectDemo/imageserch/DEMO/CI_new/backend/resource/gallery/image.png
2026-02-03 15:22:57.757 | INFO     | app.core.clip_handler:__init__:35 - CLIP instance created. Device: cuda (Model not loaded yet)
2026-02-03 15:23:01.570 | INFO     | app.core.clip_handler:_ensure_model_loaded:52 - CLIP model loaded successfully.
2026-02-03 15:23:55.468 | INFO     | app.core.db_handler.img_handler:add_img_to_database:61 - Image added successfully: ID=27, Path=D:/code/ProjectDemo/imageserch/DEMO/CI_new/backend/resource/gallery/image(1).png
2026-02-03 15:25:24.565 | INFO     | app.core.clip_handler:__init__:35 - CLIP instance created. Device: cuda (Model not loaded yet)
2026-02-03 15:25:28.192 | INFO     | app.core.clip_handler:_ensure_model_loaded:52 - CLIP model loaded successfully.
2026-02-03 15:25:37.799 | INFO     | app.core.db_handler.img_handler:add_img_to_database:61 - Image added successfully: ID=28, Path=D:/code/ProjectDemo/imageserch/DEMO/CI_new/backend/resource/gallery/image(1).png
2026-02-03 15:27:42.895 | INFO     | app.core.db_handler.img_handler:add_img_to_database:61 - Image added successfully: ID=29, Path=D:/code/ProjectDemo/imageserch/DEMO/CI_new/backend/resource/gallery/image(1).png
2026-02-03 15:28:03.191 | INFO     | app.core.clip_handler:__init__:35 - CLIP instance created. Device: cuda (Model not loaded yet)
2026-02-03 15:28:06.715 | INFO     | app.core.clip_handler:_ensure_model_loaded:52 - CLIP model loaded successfully.
2026-02-03 15:28:22.492 | INFO     | app.core.utils:duplicate_check:99 - Duplicate detected: Image with hash 73aa265d3b215abd7e094d1bd78eab38 already exists.
2026-02-03 15:31:13.161 | ERROR    | app.core.utils:phash_check:58 - pHash check error: You can flat value_list only if contains one field
2026-02-03 15:31:13.233 | INFO     | app.core.db_handler.img_handler:add_img_to_database:61 - Image added successfully: ID=30, Path=D:/code/ProjectDemo/imageserch/DEMO/CI_new/backend/resource/gallery/image(1).png
2026-02-03 15:57:09.622 | INFO     | app.core.clip_handler:__init__:35 - CLIP instance created. Device: cuda (Model not loaded yet)
2026-02-03 15:57:13.588 | INFO     | app.core.clip_handler:_ensure_model_loaded:52 - CLIP model loaded successfully.
2026-02-03 15:58:38.866 | INFO     | app.core.db_handler.img_handler:add_img_to_database:61 - Image added successfully: ID=31, Path=D:/code/ProjectDemo/imageserch/DEMO/CI_new/backend/resource/gallery/image(1).png
2026-02-03 16:45:58.396 | INFO     | app.core.clip_handler:__init__:35 - CLIP instance created. Device: cuda (Model not loaded yet)
2026-02-03 16:46:01.873 | INFO     | app.core.clip_handler:_ensure_model_loaded:52 - CLIP model loaded successfully.
2026-02-03 16:47:54.427 | INFO     | app.core.clip_handler:__init__:35 - CLIP instance created. Device: cuda (Model not loaded yet)
2026-02-03 16:47:57.651 | INFO     | app.core.clip_handler:_ensure_model_loaded:52 - CLIP model loaded successfully.
2026-02-03 16:47:57.962 | INFO     | app.core.utils:duplicate_check:129 - Duplicate detected by MD5: [31]
2026-02-03 16:47:57.963 | INFO     | app.core.utils:phash_check:35 - Exact pHash match found: [31]
2026-02-03 16:48:15.128 | INFO     | app.core.db_handler.img_handler:add_img_to_database:63 - Image added successfully: ID=32, Path=D:/code/ProjectDemo/imageserch/DEMO/CI_new/backend/resource/gallery/image(1).png
2026-02-03 16:50:44.201 | INFO     | app.core.clip_handler:__init__:35 - CLIP instance created. Device: cuda (Model not loaded yet)
2026-02-03 16:50:47.522 | INFO     | app.core.clip_handler:_ensure_model_loaded:52 - CLIP model loaded successfully.
2026-02-03 16:50:47.828 | INFO     | app.core.utils:duplicate_check:129 - Duplicate detected by MD5: [32]
2026-02-03 16:50:47.829 | INFO     | app.core.utils:phash_check:35 - Exact pHash match found: [32]
2026-02-03 16:50:47.830 | INFO     | app.core.utils:duplicate_check:136 - pHash check found duplicates: [32]
2026-02-03 16:50:47.884 | INFO     | app.core.utils:duplicate_check:143 - Vector check found duplicates: []
2026-02-03 17:07:00.174 | INFO     | app.core.clip_handler:__init__:35 - CLIP instance created. Device: cuda (Model not loaded yet)
2026-02-03 17:07:03.543 | INFO     | app.core.clip_handler:_ensure_model_loaded:52 - CLIP model loaded successfully.
2026-02-03 17:07:03.832 | INFO     | app.core.utils:duplicate_check:136 - pHash check found duplicates: []
2026-02-03 17:07:03.888 | INFO     | app.core.utils:duplicate_check:143 - Vector check found duplicates: []
2026-02-03 17:07:03.919 | INFO     | app.core.db_handler.img_handler:add_img_to_database:63 - Image added successfully: ID=33, Path=D:/code/ProjectDemo/imageserch/DEMO/CI_new/backend/resource/gallery/00985934-0239(1).jpg
2026-02-03 17:07:03.952 | INFO     | app.core.utils:duplicate_check:136 - pHash check found duplicates: []
2026-02-03 17:07:03.955 | INFO     | app.core.utils:duplicate_check:143 - Vector check found duplicates: []
2026-02-03 17:07:03.970 | INFO     | app.core.db_handler.img_handler:add_img_to_database:63 - Image added successfully: ID=34, Path=D:/code/ProjectDemo/imageserch/DEMO/CI_new/backend/resource/gallery/00985934-0239(2).jpg
2026-02-03 17:12:06.406 | INFO     | app.core.clip_handler:__init__:35 - CLIP instance created. Device: cuda (Model not loaded yet)
2026-02-03 17:12:09.953 | INFO     | app.core.clip_handler:_ensure_model_loaded:52 - CLIP model loaded successfully.
2026-02-03 17:12:10.251 | INFO     | app.core.utils:duplicate_check:137 - pHash check found duplicates: []
2026-02-03 17:12:10.275 | WARNING  | app.core.utils:vector_check:91 - No similar images found in vector database.
2026-02-03 17:12:10.275 | INFO     | app.core.utils:duplicate_check:144 - Vector check found duplicates: []
2026-02-03 17:12:10.339 | INFO     | app.core.db_handler.img_handler:add_img_to_database:63 - Image added successfully: ID=1, Path=D:\code\ProjectDemo\imageserch\DEMO\CI_new\backend\resource\gallery\00985796-0904.jpg
2026-02-03 17:12:10.375 | INFO     | app.core.utils:duplicate_check:137 - pHash check found duplicates: []
2026-02-03 17:12:10.378 | INFO     | app.core.utils:vector_check:100 - Vector similarity detected: ID 1 score 0.8090525269508362
2026-02-03 17:12:10.378 | INFO     | app.core.utils:duplicate_check:144 - Vector check found duplicates: [1]
2026-02-03 17:12:10.423 | INFO     | app.core.utils:duplicate_check:137 - pHash check found duplicates: []
2026-02-03 17:12:10.425 | INFO     | app.core.utils:vector_check:100 - Vector similarity detected: ID 1 score 0.8234753608703613
2026-02-03 17:12:10.425 | INFO     | app.core.utils:duplicate_check:144 - Vector check found duplicates: [1]
2026-02-03 17:12:10.462 | INFO     | app.core.utils:duplicate_check:137 - pHash check found duplicates: []
2026-02-03 17:12:10.464 | INFO     | app.core.utils:vector_check:100 - Vector similarity detected: ID 1 score 0.6983721256256104
2026-02-03 17:12:10.466 | INFO     | app.core.utils:duplicate_check:144 - Vector check found duplicates: [1]
2026-02-03 17:12:10.512 | INFO     | app.core.utils:duplicate_check:137 - pHash check found duplicates: []
2026-02-03 17:12:10.514 | INFO     | app.core.utils:vector_check:100 - Vector similarity detected: ID 1 score 0.8067583441734314
2026-02-03 17:12:10.515 | INFO     | app.core.utils:duplicate_check:144 - Vector check found duplicates: [1]
2026-02-03 17:12:10.557 | INFO     | app.core.utils:duplicate_check:137 - pHash check found duplicates: []
2026-02-03 17:12:10.561 | INFO     | app.core.utils:vector_check:100 - Vector similarity detected: ID 1 score 0.7757003307342529
2026-02-03 17:12:10.561 | INFO     | app.core.utils:duplicate_check:144 - Vector check found duplicates: [1]
2026-02-03 17:12:10.598 | INFO     | app.core.utils:duplicate_check:137 - pHash check found duplicates: []
2026-02-03 17:12:10.599 | INFO     | app.core.utils:vector_check:100 - Vector similarity detected: ID 1 score 0.8211691975593567
2026-02-03 17:12:10.600 | INFO     | app.core.utils:duplicate_check:144 - Vector check found duplicates: [1]
2026-02-03 17:12:10.637 | INFO     | app.core.utils:duplicate_check:137 - pHash check found duplicates: []
2026-02-03 17:12:10.640 | INFO     | app.core.utils:vector_check:100 - Vector similarity detected: ID 1 score 0.8259710073471069
2026-02-03 17:12:10.640 | INFO     | app.core.utils:duplicate_check:144 - Vector check found duplicates: [1]
2026-02-03 17:12:10.669 | INFO     | app.core.utils:duplicate_check:137 - pHash check found duplicates: []
2026-02-03 17:12:10.672 | INFO     | app.core.utils:vector_check:100 - Vector similarity detected: ID 1 score 0.8184072375297546
2026-02-03 17:12:10.672 | INFO     | app.core.utils:duplicate_check:144 - Vector check found duplicates: [1]
2026-02-03 17:12:10.707 | INFO     | app.core.utils:duplicate_check:137 - pHash check found duplicates: []
2026-02-03 17:12:10.709 | INFO     | app.core.utils:vector_check:100 - Vector similarity detected: ID 1 score 0.7796620726585388
2026-02-03 17:12:10.709 | INFO     | app.core.utils:duplicate_check:144 - Vector check found duplicates: [1]
2026-02-03 17:12:10.740 | INFO     | app.core.utils:duplicate_check:137 - pHash check found duplicates: []
2026-02-03 17:12:10.742 | INFO     | app.core.utils:vector_check:100 - Vector similarity detected: ID 1 score 0.8236111402511597
2026-02-03 17:12:10.743 | INFO     | app.core.utils:duplicate_check:144 - Vector check found duplicates: [1]
2026-02-03 17:12:10.783 | INFO     | app.core.utils:duplicate_check:137 - pHash check found duplicates: []
2026-02-03 17:12:10.786 | INFO     | app.core.utils:vector_check:100 - Vector similarity detected: ID 1 score 0.8243714570999146
2026-02-03 17:12:10.786 | INFO     | app.core.utils:duplicate_check:144 - Vector check found duplicates: [1]
2026-02-03 17:12:10.828 | INFO     | app.core.utils:duplicate_check:137 - pHash check found duplicates: []
2026-02-03 17:12:10.831 | INFO     | app.core.utils:vector_check:100 - Vector similarity detected: ID 1 score 0.8185573816299438
2026-02-03 17:12:10.832 | INFO     | app.core.utils:duplicate_check:144 - Vector check found duplicates: [1]
2026-02-03 17:12:10.871 | INFO     | app.core.utils:duplicate_check:137 - pHash check found duplicates: []
2026-02-03 17:12:10.873 | INFO     | app.core.utils:vector_check:100 - Vector similarity detected: ID 1 score 0.7682600021362305
2026-02-03 17:12:10.874 | INFO     | app.core.utils:duplicate_check:144 - Vector check found duplicates: [1]
2026-02-03 17:12:10.924 | INFO     | app.core.utils:duplicate_check:137 - pHash check found duplicates: []
2026-02-03 17:12:10.926 | INFO     | app.core.utils:vector_check:100 - Vector similarity detected: ID 1 score 0.7573608160018921
2026-02-03 17:12:10.926 | INFO     | app.core.utils:duplicate_check:144 - Vector check found duplicates: [1]
2026-02-03 17:12:10.962 | INFO     | app.core.utils:duplicate_check:137 - pHash check found duplicates: []
2026-02-03 17:12:10.966 | INFO     | app.core.utils:vector_check:100 - Vector similarity detected: ID 1 score 0.7400626540184021
2026-02-03 17:12:10.966 | INFO     | app.core.utils:duplicate_check:144 - Vector check found duplicates: [1]
2026-02-03 17:12:11.003 | INFO     | app.core.utils:duplicate_check:137 - pHash check found duplicates: []
2026-02-03 17:12:11.004 | INFO     | app.core.utils:vector_check:100 - Vector similarity detected: ID 1 score 0.7624733448028564
2026-02-03 17:12:11.005 | INFO     | app.core.utils:duplicate_check:144 - Vector check found duplicates: [1]
2026-02-03 17:12:11.035 | INFO     | app.core.utils:duplicate_check:137 - pHash check found duplicates: []
2026-02-03 17:12:11.039 | INFO     | app.core.utils:vector_check:100 - Vector similarity detected: ID 1 score 0.8066470623016357
2026-02-03 17:12:11.039 | INFO     | app.core.utils:duplicate_check:144 - Vector check found duplicates: [1]
2026-02-03 17:12:11.077 | INFO     | app.core.utils:duplicate_check:137 - pHash check found duplicates: []
2026-02-03 17:12:11.078 | INFO     | app.core.utils:vector_check:100 - Vector similarity detected: ID 1 score 0.8495967388153076
2026-02-03 17:12:11.079 | INFO     | app.core.utils:duplicate_check:144 - Vector check found duplicates: [1]
2026-02-03 17:12:11.119 | INFO     | app.core.utils:duplicate_check:137 - pHash check found duplicates: []
2026-02-03 17:12:11.120 | INFO     | app.core.utils:vector_check:100 - Vector similarity detected: ID 1 score 0.801175594329834
2026-02-03 17:12:11.122 | INFO     | app.core.utils:duplicate_check:144 - Vector check found duplicates: [1]
2026-02-03 17:12:11.168 | INFO     | app.core.utils:duplicate_check:137 - pHash check found duplicates: []
2026-02-03 17:12:11.169 | INFO     | app.core.utils:vector_check:100 - Vector similarity detected: ID 1 score 0.801671028137207
2026-02-03 17:12:11.169 | INFO     | app.core.utils:duplicate_check:144 - Vector check found duplicates: [1]
2026-02-03 17:13:52.003 | INFO     | app.core.clip_handler:__init__:35 - CLIP instance created. Device: cuda (Model not loaded yet)
2026-02-03 17:13:55.278 | INFO     | app.core.clip_handler:_ensure_model_loaded:52 - CLIP model loaded successfully.
2026-02-03 17:13:55.575 | INFO     | app.core.utils:duplicate_check:130 - Duplicate detected by MD5: [1]
2026-02-03 17:13:55.576 | INFO     | app.core.utils:phash_check:35 - Exact pHash match found: [1]
2026-02-03 17:13:55.577 | INFO     | app.core.utils:duplicate_check:137 - pHash check found duplicates: [1]
2026-02-03 17:13:55.632 | INFO     | app.core.utils:duplicate_check:144 - Vector check found duplicates: []
2026-02-03 17:13:55.667 | INFO     | app.core.utils:duplicate_check:137 - pHash check found duplicates: []
2026-02-03 17:13:55.669 | INFO     | app.core.utils:duplicate_check:144 - Vector check found duplicates: []
2026-02-03 17:13:55.707 | INFO     | app.core.db_handler.img_handler:add_img_to_database:63 - Image added successfully: ID=2, Path=D:\code\ProjectDemo\imageserch\DEMO\CI_new\backend\resource\gallery\00985804-0850.jpg
2026-02-03 17:13:55.752 | INFO     | app.core.utils:duplicate_check:137 - pHash check found duplicates: []
2026-02-03 17:13:55.754 | INFO     | app.core.utils:duplicate_check:144 - Vector check found duplicates: []
2026-02-03 17:13:55.765 | INFO     | app.core.db_handler.img_handler:add_img_to_database:63 - Image added successfully: ID=3, Path=D:\code\ProjectDemo\imageserch\DEMO\CI_new\backend\resource\gallery\00985813-0897.jpg
2026-02-03 17:13:55.797 | INFO     | app.core.utils:duplicate_check:137 - pHash check found duplicates: []
2026-02-03 17:13:55.800 | INFO     | app.core.utils:duplicate_check:144 - Vector check found duplicates: []
2026-02-03 17:13:55.813 | INFO     | app.core.db_handler.img_handler:add_img_to_database:63 - Image added successfully: ID=4, Path=D:\code\ProjectDemo\imageserch\DEMO\CI_new\backend\resource\gallery\00985835-0033.jpg
2026-02-03 17:13:55.857 | INFO     | app.core.utils:duplicate_check:137 - pHash check found duplicates: []
2026-02-03 17:13:55.860 | INFO     | app.core.utils:duplicate_check:144 - Vector check found duplicates: []
2026-02-03 17:13:55.874 | INFO     | app.core.db_handler.img_handler:add_img_to_database:63 - Image added successfully: ID=5, Path=D:\code\ProjectDemo\imageserch\DEMO\CI_new\backend\resource\gallery\00985840-0363.jpg
2026-02-03 17:13:55.911 | INFO     | app.core.utils:duplicate_check:137 - pHash check found duplicates: []
2026-02-03 17:13:55.915 | INFO     | app.core.utils:duplicate_check:144 - Vector check found duplicates: []
2026-02-03 17:13:55.928 | INFO     | app.core.db_handler.img_handler:add_img_to_database:63 - Image added successfully: ID=6, Path=D:\code\ProjectDemo\imageserch\DEMO\CI_new\backend\resource\gallery\00985858-0590.jpg
2026-02-03 17:13:55.961 | INFO     | app.core.utils:duplicate_check:137 - pHash check found duplicates: []
2026-02-03 17:13:55.965 | INFO     | app.core.utils:duplicate_check:144 - Vector check found duplicates: []
2026-02-03 17:13:55.977 | INFO     | app.core.db_handler.img_handler:add_img_to_database:63 - Image added successfully: ID=7, Path=D:\code\ProjectDemo\imageserch\DEMO\CI_new\backend\resource\gallery\00985862-0576.jpg
2026-02-03 17:13:56.013 | INFO     | app.core.utils:duplicate_check:137 - pHash check found duplicates: []
2026-02-03 17:13:56.017 | INFO     | app.core.utils:duplicate_check:144 - Vector check found duplicates: []
2026-02-03 17:13:56.030 | INFO     | app.core.db_handler.img_handler:add_img_to_database:63 - Image added successfully: ID=8, Path=D:\code\ProjectDemo\imageserch\DEMO\CI_new\backend\resource\gallery\00985865-0144.jpg
2026-02-03 17:13:56.060 | INFO     | app.core.utils:duplicate_check:137 - pHash check found duplicates: []
2026-02-03 17:13:56.064 | INFO     | app.core.utils:duplicate_check:144 - Vector check found duplicates: []
2026-02-03 17:13:56.077 | INFO     | app.core.db_handler.img_handler:add_img_to_database:63 - Image added successfully: ID=9, Path=D:\code\ProjectDemo\imageserch\DEMO\CI_new\backend\resource\gallery\00985887-0789.jpg
2026-02-03 17:13:56.115 | INFO     | app.core.utils:duplicate_check:137 - pHash check found duplicates: []
2026-02-03 17:13:56.118 | INFO     | app.core.utils:duplicate_check:144 - Vector check found duplicates: []
2026-02-03 17:13:56.131 | INFO     | app.core.db_handler.img_handler:add_img_to_database:63 - Image added successfully: ID=10, Path=D:\code\ProjectDemo\imageserch\DEMO\CI_new\backend\resource\gallery\00985928-0969.jpg
2026-02-03 17:13:56.165 | INFO     | app.core.utils:duplicate_check:137 - pHash check found duplicates: []
2026-02-03 17:13:56.166 | INFO     | app.core.utils:duplicate_check:144 - Vector check found duplicates: []
2026-02-03 17:13:56.182 | INFO     | app.core.db_handler.img_handler:add_img_to_database:63 - Image added successfully: ID=11, Path=D:\code\ProjectDemo\imageserch\DEMO\CI_new\backend\resource\gallery\00985934-0239.jpg
2026-02-03 17:13:56.220 | INFO     | app.core.utils:duplicate_check:137 - pHash check found duplicates: []
2026-02-03 17:13:56.224 | INFO     | app.core.utils:duplicate_check:144 - Vector check found duplicates: []
2026-02-03 17:13:56.237 | INFO     | app.core.db_handler.img_handler:add_img_to_database:63 - Image added successfully: ID=12, Path=D:\code\ProjectDemo\imageserch\DEMO\CI_new\backend\resource\gallery\00986005-0409.jpg
2026-02-03 17:13:56.280 | INFO     | app.core.utils:duplicate_check:137 - pHash check found duplicates: []
2026-02-03 17:13:56.284 | INFO     | app.core.utils:duplicate_check:144 - Vector check found duplicates: []
2026-02-03 17:13:56.298 | INFO     | app.core.db_handler.img_handler:add_img_to_database:63 - Image added successfully: ID=13, Path=D:\code\ProjectDemo\imageserch\DEMO\CI_new\backend\resource\gallery\00986073-0574.jpg
2026-02-03 17:13:56.337 | INFO     | app.core.utils:duplicate_check:137 - pHash check found duplicates: []
2026-02-03 17:13:56.340 | INFO     | app.core.utils:duplicate_check:144 - Vector check found duplicates: []
2026-02-03 17:13:56.354 | INFO     | app.core.db_handler.img_handler:add_img_to_database:63 - Image added successfully: ID=14, Path=D:\code\ProjectDemo\imageserch\DEMO\CI_new\backend\resource\gallery\00986114-0751.jpg
2026-02-03 17:13:56.407 | INFO     | app.core.utils:duplicate_check:137 - pHash check found duplicates: []
2026-02-03 17:13:56.409 | INFO     | app.core.utils:duplicate_check:144 - Vector check found duplicates: []
2026-02-03 17:13:56.420 | INFO     | app.core.db_handler.img_handler:add_img_to_database:63 - Image added successfully: ID=15, Path=D:\code\ProjectDemo\imageserch\DEMO\CI_new\backend\resource\gallery\00986211-0228.jpg
2026-02-03 17:13:56.456 | INFO     | app.core.utils:duplicate_check:137 - pHash check found duplicates: []
2026-02-03 17:13:56.458 | INFO     | app.core.utils:duplicate_check:144 - Vector check found duplicates: []
2026-02-03 17:13:56.472 | INFO     | app.core.db_handler.img_handler:add_img_to_database:63 - Image added successfully: ID=16, Path=D:\code\ProjectDemo\imageserch\DEMO\CI_new\backend\resource\gallery\00986239-0478.jpg
2026-02-03 17:13:56.508 | INFO     | app.core.utils:duplicate_check:137 - pHash check found duplicates: []
2026-02-03 17:13:56.510 | INFO     | app.core.utils:duplicate_check:144 - Vector check found duplicates: []
2026-02-03 17:13:56.524 | INFO     | app.core.db_handler.img_handler:add_img_to_database:63 - Image added successfully: ID=17, Path=D:\code\ProjectDemo\imageserch\DEMO\CI_new\backend\resource\gallery\00986243-0793.jpg
2026-02-03 17:13:56.555 | INFO     | app.core.utils:duplicate_check:137 - pHash check found duplicates: []
2026-02-03 17:13:56.558 | INFO     | app.core.utils:duplicate_check:144 - Vector check found duplicates: []
2026-02-03 17:13:56.570 | INFO     | app.core.db_handler.img_handler:add_img_to_database:63 - Image added successfully: ID=18, Path=D:\code\ProjectDemo\imageserch\DEMO\CI_new\backend\resource\gallery\00986284-0452.jpg
2026-02-03 17:13:56.605 | INFO     | app.core.utils:duplicate_check:137 - pHash check found duplicates: []
2026-02-03 17:13:56.608 | INFO     | app.core.utils:duplicate_check:144 - Vector check found duplicates: []
2026-02-03 17:13:56.620 | INFO     | app.core.db_handler.img_handler:add_img_to_database:63 - Image added successfully: ID=19, Path=D:\code\ProjectDemo\imageserch\DEMO\CI_new\backend\resource\gallery\00986315-0434.jpg
2026-02-03 17:13:56.663 | INFO     | app.core.utils:duplicate_check:137 - pHash check found duplicates: []
2026-02-03 17:13:56.666 | INFO     | app.core.utils:duplicate_check:144 - Vector check found duplicates: []
2026-02-03 17:13:56.679 | INFO     | app.core.db_handler.img_handler:add_img_to_database:63 - Image added successfully: ID=20, Path=D:\code\ProjectDemo\imageserch\DEMO\CI_new\backend\resource\gallery\00986390-0470.jpg
2026-02-03 17:13:56.724 | INFO     | app.core.utils:duplicate_check:137 - pHash check found duplicates: []
2026-02-03 17:13:56.727 | INFO     | app.core.utils:duplicate_check:144 - Vector check found duplicates: []
2026-02-03 17:13:56.740 | INFO     | app.core.db_handler.img_handler:add_img_to_database:63 - Image added successfully: ID=21, Path=D:\code\ProjectDemo\imageserch\DEMO\CI_new\backend\resource\gallery\00986403-0741.jpg
2026-02-03 17:16:18.748 | INFO     | app.core.clip_handler:__init__:35 - CLIP instance created. Device: cuda (Model not loaded yet)
2026-02-03 17:16:22.035 | INFO     | app.core.clip_handler:_ensure_model_loaded:52 - CLIP model loaded successfully.
2026-02-03 17:16:22.323 | INFO     | app.core.utils:duplicate_check:136 - pHash check found duplicates: []
2026-02-03 17:16:22.382 | INFO     | app.core.utils:duplicate_check:143 - Vector check found duplicates: []
2026-02-03 17:16:22.418 | INFO     | app.core.db_handler.img_handler:add_img_to_database:63 - Image added successfully: ID=22, Path=D:\code\ProjectDemo\imageserch\DEMO\CI_new\backend\resource\gallery\00985934-0239(1).jpg
2026-02-03 17:16:22.453 | INFO     | app.core.utils:duplicate_check:136 - pHash check found duplicates: []
2026-02-03 17:16:22.455 | INFO     | app.core.utils:duplicate_check:143 - Vector check found duplicates: []
2026-02-03 17:16:22.465 | INFO     | app.core.db_handler.img_handler:add_img_to_database:63 - Image added successfully: ID=23, Path=D:\code\ProjectDemo\imageserch\DEMO\CI_new\backend\resource\gallery\00985934-0239(2).jpg
2026-02-03 17:18:00.787 | INFO     | app.core.clip_handler:__init__:35 - CLIP instance created. Device: cuda (Model not loaded yet)
2026-02-03 17:18:03.993 | INFO     | app.core.clip_handler:_ensure_model_loaded:52 - CLIP model loaded successfully.
2026-02-03 17:18:04.294 | INFO     | app.core.utils:duplicate_check:136 - pHash check found duplicates: []
2026-02-03 17:18:04.318 | WARNING  | app.core.utils:vector_check:91 - No similar images found in vector database.
2026-02-03 17:18:04.318 | INFO     | app.core.utils:duplicate_check:143 - Vector check found duplicates: []
2026-02-03 17:18:04.391 | INFO     | app.core.db_handler.img_handler:add_img_to_database:63 - Image added successfully: ID=1, Path=D:\code\ProjectDemo\imageserch\DEMO\CI_new\backend\resource\gallery\00985796-0904.jpg
2026-02-03 17:18:04.425 | INFO     | app.core.utils:duplicate_check:136 - pHash check found duplicates: []
2026-02-03 17:18:04.428 | INFO     | app.core.utils:duplicate_check:143 - Vector check found duplicates: []
2026-02-03 17:18:04.439 | INFO     | app.core.db_handler.img_handler:add_img_to_database:63 - Image added successfully: ID=2, Path=D:\code\ProjectDemo\imageserch\DEMO\CI_new\backend\resource\gallery\00985804-0850.jpg
2026-02-03 17:18:04.480 | INFO     | app.core.utils:duplicate_check:136 - pHash check found duplicates: []
2026-02-03 17:18:04.483 | INFO     | app.core.utils:duplicate_check:143 - Vector check found duplicates: []
2026-02-03 17:18:04.496 | INFO     | app.core.db_handler.img_handler:add_img_to_database:63 - Image added successfully: ID=3, Path=D:\code\ProjectDemo\imageserch\DEMO\CI_new\backend\resource\gallery\00985813-0897.jpg
2026-02-03 17:18:04.529 | INFO     | app.core.utils:duplicate_check:136 - pHash check found duplicates: []
2026-02-03 17:18:04.531 | INFO     | app.core.utils:duplicate_check:143 - Vector check found duplicates: []
2026-02-03 17:18:04.543 | INFO     | app.core.db_handler.img_handler:add_img_to_database:63 - Image added successfully: ID=4, Path=D:\code\ProjectDemo\imageserch\DEMO\CI_new\backend\resource\gallery\00985835-0033.jpg
2026-02-03 17:18:04.586 | INFO     | app.core.utils:duplicate_check:136 - pHash check found duplicates: []
2026-02-03 17:18:04.589 | INFO     | app.core.utils:duplicate_check:143 - Vector check found duplicates: []
2026-02-03 17:18:04.602 | INFO     | app.core.db_handler.img_handler:add_img_to_database:63 - Image added successfully: ID=5, Path=D:\code\ProjectDemo\imageserch\DEMO\CI_new\backend\resource\gallery\00985840-0363.jpg
2026-02-03 17:18:04.641 | INFO     | app.core.utils:duplicate_check:136 - pHash check found duplicates: []
2026-02-03 17:18:04.644 | INFO     | app.core.utils:duplicate_check:143 - Vector check found duplicates: []
2026-02-03 17:18:04.657 | INFO     | app.core.db_handler.img_handler:add_img_to_database:63 - Image added successfully: ID=6, Path=D:\code\ProjectDemo\imageserch\DEMO\CI_new\backend\resource\gallery\00985858-0590.jpg
2026-02-03 17:18:04.693 | INFO     | app.core.utils:duplicate_check:136 - pHash check found duplicates: []
2026-02-03 17:18:04.695 | INFO     | app.core.utils:duplicate_check:143 - Vector check found duplicates: []
2026-02-03 17:18:04.709 | INFO     | app.core.db_handler.img_handler:add_img_to_database:63 - Image added successfully: ID=7, Path=D:\code\ProjectDemo\imageserch\DEMO\CI_new\backend\resource\gallery\00985862-0576.jpg
2026-02-03 17:18:04.741 | INFO     | app.core.utils:duplicate_check:136 - pHash check found duplicates: []
2026-02-03 17:18:04.744 | INFO     | app.core.utils:duplicate_check:143 - Vector check found duplicates: []
2026-02-03 17:18:04.758 | INFO     | app.core.db_handler.img_handler:add_img_to_database:63 - Image added successfully: ID=8, Path=D:\code\ProjectDemo\imageserch\DEMO\CI_new\backend\resource\gallery\00985865-0144.jpg
2026-02-03 17:18:04.787 | INFO     | app.core.utils:duplicate_check:136 - pHash check found duplicates: []
2026-02-03 17:18:04.790 | INFO     | app.core.utils:duplicate_check:143 - Vector check found duplicates: []
2026-02-03 17:18:04.804 | INFO     | app.core.db_handler.img_handler:add_img_to_database:63 - Image added successfully: ID=9, Path=D:\code\ProjectDemo\imageserch\DEMO\CI_new\backend\resource\gallery\00985887-0789.jpg
2026-02-03 17:18:04.840 | INFO     | app.core.utils:duplicate_check:136 - pHash check found duplicates: []
2026-02-03 17:18:04.841 | INFO     | app.core.utils:duplicate_check:143 - Vector check found duplicates: []
2026-02-03 17:18:04.854 | INFO     | app.core.db_handler.img_handler:add_img_to_database:63 - Image added successfully: ID=10, Path=D:\code\ProjectDemo\imageserch\DEMO\CI_new\backend\resource\gallery\00985928-0969.jpg
2026-02-03 17:18:04.888 | INFO     | app.core.utils:duplicate_check:136 - pHash check found duplicates: []
2026-02-03 17:18:04.891 | INFO     | app.core.utils:duplicate_check:143 - Vector check found duplicates: []
2026-02-03 17:18:04.904 | INFO     | app.core.db_handler.img_handler:add_img_to_database:63 - Image added successfully: ID=11, Path=D:\code\ProjectDemo\imageserch\DEMO\CI_new\backend\resource\gallery\00985934-0239.jpg
2026-02-03 17:18:04.944 | INFO     | app.core.utils:duplicate_check:136 - pHash check found duplicates: []
2026-02-03 17:18:04.949 | INFO     | app.core.utils:duplicate_check:143 - Vector check found duplicates: []
2026-02-03 17:18:04.962 | INFO     | app.core.db_handler.img_handler:add_img_to_database:63 - Image added successfully: ID=12, Path=D:\code\ProjectDemo\imageserch\DEMO\CI_new\backend\resource\gallery\00986005-0409.jpg
2026-02-03 17:18:05.004 | INFO     | app.core.utils:duplicate_check:136 - pHash check found duplicates: []
2026-02-03 17:18:05.005 | INFO     | app.core.utils:duplicate_check:143 - Vector check found duplicates: []
2026-02-03 17:18:05.017 | INFO     | app.core.db_handler.img_handler:add_img_to_database:63 - Image added successfully: ID=13, Path=D:\code\ProjectDemo\imageserch\DEMO\CI_new\backend\resource\gallery\00986073-0574.jpg
2026-02-03 17:18:05.057 | INFO     | app.core.utils:duplicate_check:136 - pHash check found duplicates: []
2026-02-03 17:18:05.060 | INFO     | app.core.utils:duplicate_check:143 - Vector check found duplicates: []
2026-02-03 17:18:05.074 | INFO     | app.core.db_handler.img_handler:add_img_to_database:63 - Image added successfully: ID=14, Path=D:\code\ProjectDemo\imageserch\DEMO\CI_new\backend\resource\gallery\00986114-0751.jpg
2026-02-03 17:18:05.123 | INFO     | app.core.utils:duplicate_check:136 - pHash check found duplicates: []
2026-02-03 17:18:05.126 | INFO     | app.core.utils:duplicate_check:143 - Vector check found duplicates: []
2026-02-03 17:18:05.140 | INFO     | app.core.db_handler.img_handler:add_img_to_database:63 - Image added successfully: ID=15, Path=D:\code\ProjectDemo\imageserch\DEMO\CI_new\backend\resource\gallery\00986211-0228.jpg
2026-02-03 17:18:05.174 | INFO     | app.core.utils:duplicate_check:136 - pHash check found duplicates: []
2026-02-03 17:18:05.175 | INFO     | app.core.utils:duplicate_check:143 - Vector check found duplicates: []
2026-02-03 17:18:05.187 | INFO     | app.core.db_handler.img_handler:add_img_to_database:63 - Image added successfully: ID=16, Path=D:\code\ProjectDemo\imageserch\DEMO\CI_new\backend\resource\gallery\00986239-0478.jpg
2026-02-03 17:18:05.222 | INFO     | app.core.utils:duplicate_check:136 - pHash check found duplicates: []
2026-02-03 17:18:05.226 | INFO     | app.core.utils:duplicate_check:143 - Vector check found duplicates: []
2026-02-03 17:18:05.238 | INFO     | app.core.db_handler.img_handler:add_img_to_database:63 - Image added successfully: ID=17, Path=D:\code\ProjectDemo\imageserch\DEMO\CI_new\backend\resource\gallery\00986243-0793.jpg
2026-02-03 17:18:05.269 | INFO     | app.core.utils:duplicate_check:136 - pHash check found duplicates: []
2026-02-03 17:18:05.270 | INFO     | app.core.utils:duplicate_check:143 - Vector check found duplicates: []
2026-02-03 17:18:05.284 | INFO     | app.core.db_handler.img_handler:add_img_to_database:63 - Image added successfully: ID=18, Path=D:\code\ProjectDemo\imageserch\DEMO\CI_new\backend\resource\gallery\00986284-0452.jpg
2026-02-03 17:18:05.320 | INFO     | app.core.utils:duplicate_check:136 - pHash check found duplicates: []
2026-02-03 17:18:05.324 | INFO     | app.core.utils:duplicate_check:143 - Vector check found duplicates: []
2026-02-03 17:18:05.336 | INFO     | app.core.db_handler.img_handler:add_img_to_database:63 - Image added successfully: ID=19, Path=D:\code\ProjectDemo\imageserch\DEMO\CI_new\backend\resource\gallery\00986315-0434.jpg
2026-02-03 17:18:05.377 | INFO     | app.core.utils:duplicate_check:136 - pHash check found duplicates: []
2026-02-03 17:18:05.380 | INFO     | app.core.utils:duplicate_check:143 - Vector check found duplicates: []
2026-02-03 17:18:05.393 | INFO     | app.core.db_handler.img_handler:add_img_to_database:63 - Image added successfully: ID=20, Path=D:\code\ProjectDemo\imageserch\DEMO\CI_new\backend\resource\gallery\00986390-0470.jpg
2026-02-03 17:18:05.436 | INFO     | app.core.utils:duplicate_check:136 - pHash check found duplicates: []
2026-02-03 17:18:05.438 | INFO     | app.core.utils:duplicate_check:143 - Vector check found duplicates: []
2026-02-03 17:18:05.451 | INFO     | app.core.db_handler.img_handler:add_img_to_database:63 - Image added successfully: ID=21, Path=D:\code\ProjectDemo\imageserch\DEMO\CI_new\backend\resource\gallery\00986403-0741.jpg
2026-02-03 17:19:27.927 | INFO     | app.core.clip_handler:__init__:35 - CLIP instance created. Device: cuda (Model not loaded yet)
2026-02-03 17:19:31.076 | INFO     | app.core.clip_handler:_ensure_model_loaded:52 - CLIP model loaded successfully.
2026-02-03 17:19:31.370 | INFO     | app.core.utils:duplicate_check:137 - pHash check found duplicates: []
2026-02-03 17:19:31.424 | INFO     | app.core.utils:vector_check:100 - Vector similarity detected: ID 12 score 0.4445967674255371
2026-02-03 17:19:31.424 | INFO     | app.core.utils:vector_check:100 - Vector similarity detected: ID 20 score 0.46470242738723755
2026-02-03 17:19:31.425 | INFO     | app.core.utils:vector_check:100 - Vector similarity detected: ID 3 score 0.4705921411514282
2026-02-03 17:19:31.425 | INFO     | app.core.utils:vector_check:100 - Vector similarity detected: ID 16 score 0.4712434411048889
2026-02-03 17:19:31.425 | INFO     | app.core.utils:duplicate_check:144 - Vector check found duplicates: [16, 3, 12, 20]
2026-02-03 17:19:31.458 | INFO     | app.core.utils:duplicate_check:137 - pHash check found duplicates: []
2026-02-03 17:19:31.461 | INFO     | app.core.utils:vector_check:100 - Vector similarity detected: ID 11 score 0.1689242720603943
2026-02-03 17:19:31.461 | INFO     | app.core.utils:vector_check:100 - Vector similarity detected: ID 21 score 0.4037711024284363
2026-02-03 17:19:31.461 | INFO     | app.core.utils:vector_check:100 - Vector similarity detected: ID 20 score 0.4167882204055786
2026-02-03 17:19:31.461 | INFO     | app.core.utils:vector_check:100 - Vector similarity detected: ID 5 score 0.43394923210144043
2026-02-03 17:19:31.463 | INFO     | app.core.utils:vector_check:100 - Vector similarity detected: ID 15 score 0.4609711170196533
2026-02-03 17:19:31.463 | INFO     | app.core.utils:duplicate_check:144 - Vector check found duplicates: [5, 11, 15, 20, 21]
2026-02-03 17:20:52.688 | INFO     | app.core.clip_handler:__init__:35 - CLIP instance created. Device: cuda (Model not loaded yet)
2026-02-03 17:20:55.854 | INFO     | app.core.clip_handler:_ensure_model_loaded:52 - CLIP model loaded successfully.
2026-02-03 17:20:56.147 | INFO     | app.core.utils:duplicate_check:136 - pHash check found duplicates: []
2026-02-03 17:20:56.202 | INFO     | app.core.utils:vector_check:99 - Vector similarity detected: ID 12 score 0.4445967674255371
2026-02-03 17:20:56.202 | INFO     | app.core.utils:vector_check:99 - Vector similarity detected: ID 20 score 0.46470242738723755
2026-02-03 17:20:56.203 | INFO     | app.core.utils:vector_check:99 - Vector similarity detected: ID 3 score 0.4705921411514282
2026-02-03 17:20:56.203 | INFO     | app.core.utils:vector_check:99 - Vector similarity detected: ID 16 score 0.4712434411048889
2026-02-03 17:20:56.203 | INFO     | app.core.utils:duplicate_check:143 - Vector check found duplicates: [16, 3, 12, 20]
2026-02-03 17:20:56.236 | INFO     | app.core.utils:duplicate_check:136 - pHash check found duplicates: []
2026-02-03 17:20:56.239 | INFO     | app.core.utils:vector_check:99 - Vector similarity detected: ID 11 score 0.1689242720603943
2026-02-03 17:20:56.239 | INFO     | app.core.utils:vector_check:99 - Vector similarity detected: ID 21 score 0.4037711024284363
2026-02-03 17:20:56.239 | INFO     | app.core.utils:vector_check:99 - Vector similarity detected: ID 20 score 0.4167882204055786
2026-02-03 17:20:56.239 | INFO     | app.core.utils:vector_check:99 - Vector similarity detected: ID 5 score 0.43394923210144043
2026-02-03 17:20:56.239 | INFO     | app.core.utils:vector_check:99 - Vector similarity detected: ID 15 score 0.4609711170196533
2026-02-03 17:20:56.239 | INFO     | app.core.utils:duplicate_check:143 - Vector check found duplicates: [5, 11, 15, 20, 21]
2026-02-03 17:21:43.679 | INFO     | app.core.clip_handler:__init__:35 - CLIP instance created. Device: cuda (Model not loaded yet)
2026-02-03 17:21:46.695 | INFO     | app.core.clip_handler:_ensure_model_loaded:52 - CLIP model loaded successfully.
2026-02-03 17:21:47.040 | INFO     | app.core.utils:vector_check:99 - Vector similarity detected: ID 12 score 0.4445967674255371
2026-02-03 17:21:47.040 | INFO     | app.core.utils:vector_check:99 - Vector similarity detected: ID 20 score 0.46470242738723755
2026-02-03 17:21:47.040 | INFO     | app.core.utils:vector_check:99 - Vector similarity detected: ID 3 score 0.4705921411514282
2026-02-03 17:21:47.040 | INFO     | app.core.utils:vector_check:99 - Vector similarity detected: ID 16 score 0.4712434411048889
2026-02-03 17:21:47.072 | INFO     | app.core.utils:vector_check:99 - Vector similarity detected: ID 11 score 0.1689242720603943
2026-02-03 17:21:47.073 | INFO     | app.core.utils:vector_check:99 - Vector similarity detected: ID 21 score 0.4037711024284363
2026-02-03 17:21:47.073 | INFO     | app.core.utils:vector_check:99 - Vector similarity detected: ID 20 score 0.4167882204055786
2026-02-03 17:21:47.073 | INFO     | app.core.utils:vector_check:99 - Vector similarity detected: ID 5 score 0.43394923210144043
2026-02-03 17:21:47.073 | INFO     | app.core.utils:vector_check:99 - Vector similarity detected: ID 15 score 0.4609711170196533
2026-02-03 17:26:22.271 | INFO     | app.core.clip_handler:__init__:35 - CLIP instance created. Device: cuda (Model not loaded yet)
2026-02-03 17:26:25.495 | INFO     | app.core.clip_handler:_ensure_model_loaded:52 - CLIP model loaded successfully.
2026-02-03 17:26:25.853 | INFO     | app.core.utils:vector_check:99 - Vector similarity detected: ID 12 score 0.4445967674255371
2026-02-03 17:26:25.853 | INFO     | app.core.utils:vector_check:99 - Vector similarity detected: ID 20 score 0.46470242738723755
2026-02-03 17:26:25.854 | INFO     | app.core.utils:vector_check:99 - Vector similarity detected: ID 3 score 0.4705921411514282
2026-02-03 17:26:25.854 | INFO     | app.core.utils:vector_check:99 - Vector similarity detected: ID 16 score 0.4712434411048889
2026-02-03 17:26:25.890 | INFO     | app.core.utils:vector_check:99 - Vector similarity detected: ID 11 score 0.1689242720603943
2026-02-03 17:26:25.891 | INFO     | app.core.utils:vector_check:99 - Vector similarity detected: ID 21 score 0.4037711024284363
2026-02-03 17:26:25.891 | INFO     | app.core.utils:vector_check:99 - Vector similarity detected: ID 20 score 0.4167882204055786
2026-02-03 17:26:25.891 | INFO     | app.core.utils:vector_check:99 - Vector similarity detected: ID 5 score 0.43394923210144043
2026-02-03 17:26:25.891 | INFO     | app.core.utils:vector_check:99 - Vector similarity detected: ID 15 score 0.4609711170196533
2026-02-03 17:31:50.744 | INFO     | app.core.clip_handler:__init__:35 - CLIP instance created. Device: cuda (Model not loaded yet)
2026-02-03 17:31:53.969 | INFO     | app.core.clip_handler:_ensure_model_loaded:52 - CLIP model loaded successfully.
2026-02-03 17:31:54.314 | INFO     | app.core.utils:vector_check:99 - Vector similarity detected: ID 12 score 0.4445967674255371
2026-02-03 17:31:54.314 | INFO     | app.core.utils:vector_check:99 - Vector similarity detected: ID 20 score 0.46470242738723755
2026-02-03 17:31:54.315 | INFO     | app.core.utils:vector_check:99 - Vector similarity detected: ID 3 score 0.4705921411514282
2026-02-03 17:31:54.315 | INFO     | app.core.utils:vector_check:99 - Vector similarity detected: ID 16 score 0.4712434411048889
2026-02-03 17:31:54.352 | INFO     | app.core.utils:vector_check:99 - Vector similarity detected: ID 11 score 0.1689242720603943
2026-02-03 17:31:54.352 | INFO     | app.core.utils:vector_check:99 - Vector similarity detected: ID 21 score 0.4037711024284363
2026-02-03 17:31:54.352 | INFO     | app.core.utils:vector_check:99 - Vector similarity detected: ID 20 score 0.4167882204055786
2026-02-03 17:31:54.353 | INFO     | app.core.utils:vector_check:99 - Vector similarity detected: ID 5 score 0.43394923210144043
2026-02-03 17:31:54.353 | INFO     | app.core.utils:vector_check:99 - Vector similarity detected: ID 15 score 0.4609711170196533
2026-02-03 17:34:51.204 | INFO     | app.core.clip_handler:__init__:35 - CLIP instance created. Device: cuda (Model not loaded yet)
2026-02-03 17:34:54.493 | INFO     | app.core.clip_handler:_ensure_model_loaded:52 - CLIP model loaded successfully.
2026-02-03 17:34:54.847 | INFO     | app.core.utils:vector_check:99 - Vector similarity detected: ID 11 score 0.04893314838409424
2026-02-03 17:34:54.847 | INFO     | app.core.utils:vector_check:99 - Vector similarity detected: ID 12 score 0.4445967674255371
2026-02-03 17:34:54.847 | INFO     | app.core.utils:vector_check:99 - Vector similarity detected: ID 20 score 0.46470242738723755
2026-02-03 17:34:54.847 | INFO     | app.core.utils:vector_check:99 - Vector similarity detected: ID 3 score 0.4705921411514282
2026-02-03 17:34:54.847 | INFO     | app.core.utils:vector_check:99 - Vector similarity detected: ID 16 score 0.4712434411048889
2026-02-03 17:34:54.881 | INFO     | app.core.utils:vector_check:99 - Vector similarity detected: ID 11 score 0.1689242720603943
2026-02-03 17:34:54.881 | INFO     | app.core.utils:vector_check:99 - Vector similarity detected: ID 21 score 0.4037711024284363
2026-02-03 17:34:54.881 | INFO     | app.core.utils:vector_check:99 - Vector similarity detected: ID 20 score 0.4167882204055786
2026-02-03 17:34:54.881 | INFO     | app.core.utils:vector_check:99 - Vector similarity detected: ID 5 score 0.43394923210144043
2026-02-03 17:34:54.881 | INFO     | app.core.utils:vector_check:99 - Vector similarity detected: ID 15 score 0.4609711170196533
2026-02-03 17:46:07.194 | INFO     | app.core.clip_handler:__init__:35 - CLIP instance created. Device: cuda (Model not loaded yet)
2026-02-03 17:46:10.878 | INFO     | app.core.clip_handler:_ensure_model_loaded:52 - CLIP model loaded successfully.
2026-02-03 17:46:11.287 | INFO     | app.core.utils:vector_check:101 - Vector similarity detected: ID 11 score 0.04893314838409424
2026-02-03 17:46:11.287 | INFO     | app.core.utils:vector_check:101 - Vector similarity detected: ID 12 score 0.4445967674255371
2026-02-03 17:46:11.287 | INFO     | app.core.utils:vector_check:101 - Vector similarity detected: ID 20 score 0.46470242738723755
2026-02-03 17:46:11.288 | INFO     | app.core.utils:vector_check:101 - Vector similarity detected: ID 3 score 0.4705921411514282
2026-02-03 17:46:11.288 | INFO     | app.core.utils:vector_check:101 - Vector similarity detected: ID 16 score 0.4712434411048889
2026-02-03 17:46:11.324 | INFO     | app.core.utils:vector_check:101 - Vector similarity detected: ID 11 score 0.1689242720603943
2026-02-03 17:46:11.324 | INFO     | app.core.utils:vector_check:101 - Vector similarity detected: ID 21 score 0.4037711024284363
2026-02-03 17:46:11.325 | INFO     | app.core.utils:vector_check:101 - Vector similarity detected: ID 20 score 0.4167882204055786
2026-02-03 17:46:11.325 | INFO     | app.core.utils:vector_check:101 - Vector similarity detected: ID 5 score 0.43394923210144043
2026-02-03 17:46:11.325 | INFO     | app.core.utils:vector_check:101 - Vector similarity detected: ID 15 score 0.4609711170196533
2026-02-03 17:46:11.371 | INFO     | app.core.utils:phash_check:67 - Similarity detected (dist=2): ID 11
2026-02-03 17:46:11.373 | INFO     | app.core.utils:vector_check:101 - Vector similarity detected: ID 11 score 0.011693239212036133
2026-02-03 17:46:11.373 | INFO     | app.core.utils:vector_check:101 - Vector similarity detected: ID 12 score 0.4088004231452942
2026-02-03 17:46:11.373 | INFO     | app.core.utils:vector_check:101 - Vector similarity detected: ID 21 score 0.4254153370857239
2026-02-03 17:46:11.374 | INFO     | app.core.utils:vector_check:101 - Vector similarity detected: ID 16 score 0.439586341381073
2026-02-03 17:46:11.374 | INFO     | app.core.utils:vector_check:101 - Vector similarity detected: ID 3 score 0.4396343231201172
2026-02-03 17:46:11.416 | INFO     | app.core.utils:vector_check:101 - Vector similarity detected: ID 11 score 0.07498133182525635
2026-02-03 17:46:11.416 | INFO     | app.core.utils:vector_check:101 - Vector similarity detected: ID 21 score 0.41562092304229736
2026-02-03 17:46:11.416 | INFO     | app.core.utils:vector_check:101 - Vector similarity detected: ID 20 score 0.43602222204208374
2026-02-03 17:46:11.416 | INFO     | app.core.utils:vector_check:101 - Vector similarity detected: ID 16 score 0.43782544136047363
2026-02-03 17:46:11.416 | INFO     | app.core.utils:vector_check:101 - Vector similarity detected: ID 17 score 0.440956175327301
2026-02-03 17:46:11.457 | INFO     | app.core.utils:vector_check:101 - Vector similarity detected: ID 11 score 0.02260303497314453
2026-02-03 17:46:11.457 | INFO     | app.core.utils:vector_check:101 - Vector similarity detected: ID 12 score 0.42867863178253174
2026-02-03 17:46:11.457 | INFO     | app.core.utils:vector_check:101 - Vector similarity detected: ID 21 score 0.44098424911499023
2026-02-03 17:46:11.458 | INFO     | app.core.utils:vector_check:101 - Vector similarity detected: ID 3 score 0.45519745349884033
2026-02-03 17:46:11.458 | INFO     | app.core.utils:vector_check:101 - Vector similarity detected: ID 20 score 0.4581410884857178
2026-02-03 17:48:48.511 | INFO     | app.core.clip_handler:__init__:35 - CLIP instance created. Device: cuda (Model not loaded yet)
2026-02-03 17:48:52.113 | INFO     | app.core.clip_handler:_ensure_model_loaded:52 - CLIP model loaded successfully.
2026-02-03 17:48:52.461 | INFO     | app.core.utils:vector_check:101 - Vector similarity detected: ID 11 score 0.04893314838409424
2026-02-03 17:48:52.461 | INFO     | app.core.utils:vector_check:101 - Vector similarity detected: ID 12 score 0.4445967674255371
2026-02-03 17:48:52.461 | INFO     | app.core.utils:vector_check:101 - Vector similarity detected: ID 20 score 0.46470242738723755
2026-02-03 17:48:52.461 | INFO     | app.core.utils:vector_check:101 - Vector similarity detected: ID 3 score 0.4705921411514282
2026-02-03 17:48:52.462 | INFO     | app.core.utils:vector_check:101 - Vector similarity detected: ID 16 score 0.4712434411048889
2026-02-03 17:48:52.499 | INFO     | app.core.utils:vector_check:101 - Vector similarity detected: ID 11 score 0.1689242720603943
2026-02-03 17:48:52.499 | INFO     | app.core.utils:vector_check:101 - Vector similarity detected: ID 21 score 0.4037711024284363
2026-02-03 17:48:52.499 | INFO     | app.core.utils:vector_check:101 - Vector similarity detected: ID 20 score 0.4167882204055786
2026-02-03 17:48:52.499 | INFO     | app.core.utils:vector_check:101 - Vector similarity detected: ID 5 score 0.43394923210144043
2026-02-03 17:48:52.500 | INFO     | app.core.utils:vector_check:101 - Vector similarity detected: ID 15 score 0.4609711170196533
2026-02-03 17:48:52.545 | INFO     | app.core.utils:phash_check:67 - Similarity detected (dist=2): ID 11
2026-02-03 17:48:52.548 | INFO     | app.core.utils:vector_check:101 - Vector similarity detected: ID 11 score 0.011693239212036133
2026-02-03 17:48:52.549 | INFO     | app.core.utils:vector_check:101 - Vector similarity detected: ID 12 score 0.4088004231452942
2026-02-03 17:48:52.549 | INFO     | app.core.utils:vector_check:101 - Vector similarity detected: ID 21 score 0.4254153370857239
2026-02-03 17:48:52.549 | INFO     | app.core.utils:vector_check:101 - Vector similarity detected: ID 16 score 0.439586341381073
2026-02-03 17:48:52.549 | INFO     | app.core.utils:vector_check:101 - Vector similarity detected: ID 3 score 0.4396343231201172
2026-02-03 17:48:52.592 | INFO     | app.core.utils:vector_check:101 - Vector similarity detected: ID 11 score 0.07498133182525635
2026-02-03 17:48:52.592 | INFO     | app.core.utils:vector_check:101 - Vector similarity detected: ID 21 score 0.41562092304229736
2026-02-03 17:48:52.592 | INFO     | app.core.utils:vector_check:101 - Vector similarity detected: ID 20 score 0.43602222204208374
2026-02-03 17:48:52.592 | INFO     | app.core.utils:vector_check:101 - Vector similarity detected: ID 16 score 0.43782544136047363
2026-02-03 17:48:52.592 | INFO     | app.core.utils:vector_check:101 - Vector similarity detected: ID 17 score 0.440956175327301
2026-02-03 17:48:52.639 | INFO     | app.core.utils:vector_check:101 - Vector similarity detected: ID 11 score 0.02260303497314453
2026-02-03 17:48:52.640 | INFO     | app.core.utils:vector_check:101 - Vector similarity detected: ID 12 score 0.42867863178253174
2026-02-03 17:48:52.640 | INFO     | app.core.utils:vector_check:101 - Vector similarity detected: ID 21 score 0.44098424911499023
2026-02-03 17:48:52.640 | INFO     | app.core.utils:vector_check:101 - Vector similarity detected: ID 3 score 0.45519745349884033
2026-02-03 17:48:52.640 | INFO     | app.core.utils:vector_check:101 - Vector similarity detected: ID 20 score 0.4581410884857178
