2026-04-03 10:04:05.229 | INFO     | app.core.clip_handler:__init__:68 - CLIP (ONNX) instance created. Providers: ['CUDAExecutionProvider', 'CPUExecutionProvider']
2026-04-03 10:04:08.834 | INFO     | app.core.clip_handler:_ensure_model_loaded:98 - CLIP ONNX models loaded successfully.
2026-04-03 10:06:10.712 | INFO     | app.core.clip_handler:__init__:68 - CLIP (ONNX) instance created. Providers: ['CUDAExecutionProvider', 'CPUExecutionProvider']
2026-04-03 10:06:12.540 | INFO     | app.core.clip_handler:_ensure_model_loaded:98 - CLIP ONNX models loaded successfully.
2026-04-03 10:33:52.457 | INFO     | app.core.clip_handler:__init__:68 - CLIP (ONNX) instance created. Providers: ['CUDAExecutionProvider', 'CPUExecutionProvider']
2026-04-03 10:33:53.966 | INFO     | app.core.clip_handler:_ensure_model_loaded:98 - CLIP ONNX models loaded successfully.
2026-04-03 10:33:55.241 | INFO     | app.core.clip_handler:_ensure_model_loaded:104 - Tokenizer loaded successfully.
2026-04-03 10:33:55.422 | INFO     | app.core.db_handler.img_handler:add_img_to_database:50 - current process image: D:\code\ProjectDemo\imageserch\DEMO\CI_new\backend\resource\gallery\00985796-0904.jpg - Adding image to database...
2026-04-03 10:33:55.447 | WARNING  | app.core.utils:vector_check:96 - No similar images found in vector database.
2026-04-03 10:35:47.855 | INFO     | app.core.clip_handler:__init__:68 - CLIP (ONNX) instance created. Providers: ['CUDAExecutionProvider', 'CPUExecutionProvider']
2026-04-03 10:35:49.393 | INFO     | app.core.clip_handler:_ensure_model_loaded:98 - CLIP ONNX models loaded successfully.
2026-04-03 10:35:50.907 | INFO     | app.core.clip_handler:_ensure_model_loaded:104 - Tokenizer loaded successfully.
2026-04-03 10:35:51.092 | INFO     | app.core.db_handler.img_handler:add_img_to_database:50 - current process image: D:\code\ProjectDemo\imageserch\DEMO\CI_new\backend\resource\gallery\00985796-0904.jpg - Adding image to database...
2026-04-03 10:35:51.117 | WARNING  | app.core.utils:vector_check:96 - No similar images found in vector database.
2026-04-03 10:35:51.167 | INFO     | app.core.db_handler.img_handler:add_img_to_database:89 - Image added successfully: ID=1, Path=D:\code\ProjectDemo\imageserch\DEMO\CI_new\backend\resource\gallery\00985796-0904.jpg
2026-04-03 11:44:37.301 | INFO     | app.core.clip_handler:__init__:68 - CLIP (ONNX) instance created. Providers: ['CUDAExecutionProvider', 'CPUExecutionProvider']
2026-04-03 11:44:38.765 | INFO     | app.core.clip_handler:_ensure_model_loaded:98 - CLIP ONNX models loaded successfully.
2026-04-03 11:44:40.007 | INFO     | app.core.clip_handler:_ensure_model_loaded:104 - Tokenizer loaded successfully.
2026-04-03 11:45:43.771 | INFO     | app.core.clip_handler:__init__:68 - CLIP (ONNX) instance created. Providers: ['CUDAExecutionProvider', 'CPUExecutionProvider']
2026-04-03 11:45:44.905 | INFO     | app.core.clip_handler:_ensure_model_loaded:98 - CLIP ONNX models loaded successfully.
2026-04-03 11:45:46.118 | INFO     | app.core.clip_handler:_ensure_model_loaded:104 - Tokenizer loaded successfully.
2026-04-03 11:45:46.234 | WARNING  | app.core.db_handler.history_handler:add_search_turn:52 - 尝试追加搜索轮次失败，找不到会话 | Session ID: string
2026-04-03 11:47:56.754 | INFO     | app.core.clip_handler:__init__:68 - CLIP (ONNX) instance created. Providers: ['CUDAExecutionProvider', 'CPUExecutionProvider']
2026-04-03 11:47:57.990 | INFO     | app.core.clip_handler:_ensure_model_loaded:98 - CLIP ONNX models loaded successfully.
2026-04-03 11:47:59.195 | INFO     | app.core.clip_handler:_ensure_model_loaded:104 - Tokenizer loaded successfully.
2026-04-03 11:47:59.311 | WARNING  | app.core.db_handler.history_handler:add_search_turn:52 - 尝试追加搜索轮次失败，找不到会话 | Session ID: string
2026-04-03 11:48:35.316 | INFO     | app.core.clip_handler:__init__:68 - CLIP (ONNX) instance created. Providers: ['CUDAExecutionProvider', 'CPUExecutionProvider']
2026-04-03 11:48:36.451 | INFO     | app.core.clip_handler:_ensure_model_loaded:98 - CLIP ONNX models loaded successfully.
2026-04-03 11:48:37.673 | INFO     | app.core.clip_handler:_ensure_model_loaded:104 - Tokenizer loaded successfully.
2026-04-03 11:48:37.798 | WARNING  | app.core.db_handler.history_handler:add_search_turn:52 - 尝试追加搜索轮次失败，找不到会话 | Session ID: string
2026-04-03 12:05:13.220 | INFO     | app.core.clip_handler:__init__:68 - CLIP (ONNX) instance created. Providers: ['CUDAExecutionProvider', 'CPUExecutionProvider']
2026-04-03 12:05:14.696 | INFO     | app.core.clip_handler:_ensure_model_loaded:98 - CLIP ONNX models loaded successfully.
2026-04-03 12:05:16.194 | INFO     | app.core.clip_handler:_ensure_model_loaded:104 - Tokenizer loaded successfully.
2026-04-03 12:05:16.351 | INFO     | app.core.db_handler.history_handler:create_session:40 - 成功创建新搜索会话 | ID: ef82c5b6-e367-44a3-94b7-c0d93e2df1c1 | 标题: 11111
2026-04-03 12:05:32.843 | INFO     | app.core.db_handler.history_handler:create_session:40 - 成功创建新搜索会话 | ID: d476e069-5fb2-4be8-aac2-2535f4e564e7 | 标题: 11111
2026-04-03 12:05:39.236 | INFO     | app.core.db_handler.history_handler:create_session:40 - 成功创建新搜索会话 | ID: d6055bf1-1f34-4e02-a795-ed44e8e6047f | 标题: 11211
2026-04-03 12:06:02.551 | DEBUG    | app.core.db_handler.history_handler:get_sessions:86 - 获取历史记录列表 | 页码: 1, 每页: 20, 关键字: 'None', 匹配总数: 3
2026-04-03 12:06:15.535 | DEBUG    | app.core.db_handler.history_handler:get_sessions:86 - 获取历史记录列表 | 页码: 1, 每页: 20, 关键字: '2', 匹配总数: 1
2026-04-03 12:10:30.196 | INFO     | app.core.clip_handler:__init__:68 - CLIP (ONNX) instance created. Providers: ['CUDAExecutionProvider', 'CPUExecutionProvider']
2026-04-03 12:10:31.680 | INFO     | app.core.clip_handler:_ensure_model_loaded:98 - CLIP ONNX models loaded successfully.
2026-04-03 12:10:33.216 | INFO     | app.core.clip_handler:_ensure_model_loaded:104 - Tokenizer loaded successfully.
2026-04-03 12:10:33.404 | INFO     | app.core.db_handler.img_handler:add_img_to_database:71 - current process image: D:\code\ProjectDemo\imageserch\DEMO\CI_new\backend\resource\gallery\00985796-0904.jpg - Adding image to database...
2026-04-03 12:10:33.405 | INFO     | app.core.utils:duplicate_check:135 - Duplicate detected by MD5: [1]
2026-04-03 12:10:33.406 | INFO     | app.core.utils:phash_check:38 - Exact pHash match found: [1]
2026-04-03 12:10:33.407 | INFO     | app.core.utils:phash_check:70 - Similarity detected (dist=0): ID 1
2026-04-03 12:10:33.436 | INFO     | app.core.utils:vector_check:104 - Vector similarity detected: ID 1 score -8.344650268554688e-07
2026-04-03 12:10:55.713 | INFO     | app.core.db_handler.history_handler:create_session:40 - 成功创建新搜索会话 | ID: 860e2ac3-6216-4c4a-8fca-58e3db65f657 | 标题: 11211
2026-04-03 12:11:09.830 | DEBUG    | app.core.db_handler.history_handler:get_sessions:86 - 获取历史记录列表 | 页码: 1, 每页: 20, 关键字: '2', 匹配总数: 2
