2026-02-02 15:25:53.211 | INFO     | app.core.clip_handler:__init__:35 - CLIP instance created. Device: cuda (Model not loaded yet)
2026-02-02 15:25:57.163 | INFO     | app.core.clip_handler:_ensure_model_loaded:52 - CLIP model loaded successfully.
2026-02-02 15:58:22.688 | INFO     | app.core.clip_handler:__init__:35 - CLIP instance created. Device: cuda (Model not loaded yet)
2026-02-02 15:58:26.056 | INFO     | app.core.clip_handler:_ensure_model_loaded:52 - CLIP model loaded successfully.
2026-02-02 15:58:26.420 | INFO     | app.core.db_handler.img_handler:add_img_to_database:61 - Image added successfully: ID=1, Path=D:\code\ProjectDemo\imageserch\DEMO\CI_new\backend\resource\gallery\00985796-0904.jpg
2026-02-02 15:58:26.468 | INFO     | app.core.db_handler.img_handler:add_img_to_database:61 - Image added successfully: ID=2, Path=D:\code\ProjectDemo\imageserch\DEMO\CI_new\backend\resource\gallery\00985804-0850.jpg
2026-02-02 15:58:26.524 | INFO     | app.core.db_handler.img_handler:add_img_to_database:61 - Image added successfully: ID=3, Path=D:\code\ProjectDemo\imageserch\DEMO\CI_new\backend\resource\gallery\00985813-0897.jpg
2026-02-02 15:58:26.572 | INFO     | app.core.db_handler.img_handler:add_img_to_database:61 - Image added successfully: ID=4, Path=D:\code\ProjectDemo\imageserch\DEMO\CI_new\backend\resource\gallery\00985835-0033.jpg
2026-02-02 15:58:26.631 | INFO     | app.core.db_handler.img_handler:add_img_to_database:61 - Image added successfully: ID=5, Path=D:\code\ProjectDemo\imageserch\DEMO\CI_new\backend\resource\gallery\00985840-0363.jpg
2026-02-02 15:58:26.685 | INFO     | app.core.db_handler.img_handler:add_img_to_database:61 - Image added successfully: ID=6, Path=D:\code\ProjectDemo\imageserch\DEMO\CI_new\backend\resource\gallery\00985858-0590.jpg
2026-02-02 15:58:26.734 | INFO     | app.core.db_handler.img_handler:add_img_to_database:61 - Image added successfully: ID=7, Path=D:\code\ProjectDemo\imageserch\DEMO\CI_new\backend\resource\gallery\00985862-0576.jpg
2026-02-02 15:58:26.783 | INFO     | app.core.db_handler.img_handler:add_img_to_database:61 - Image added successfully: ID=8, Path=D:\code\ProjectDemo\imageserch\DEMO\CI_new\backend\resource\gallery\00985865-0144.jpg
2026-02-02 15:58:26.829 | INFO     | app.core.db_handler.img_handler:add_img_to_database:61 - Image added successfully: ID=9, Path=D:\code\ProjectDemo\imageserch\DEMO\CI_new\backend\resource\gallery\00985887-0789.jpg
2026-02-02 15:58:26.883 | INFO     | app.core.db_handler.img_handler:add_img_to_database:61 - Image added successfully: ID=10, Path=D:\code\ProjectDemo\imageserch\DEMO\CI_new\backend\resource\gallery\00985928-0969.jpg
2026-02-02 15:58:26.929 | INFO     | app.core.db_handler.img_handler:add_img_to_database:61 - Image added successfully: ID=11, Path=D:\code\ProjectDemo\imageserch\DEMO\CI_new\backend\resource\gallery\00985934-0239.jpg
2026-02-02 15:58:26.987 | INFO     | app.core.db_handler.img_handler:add_img_to_database:61 - Image added successfully: ID=12, Path=D:\code\ProjectDemo\imageserch\DEMO\CI_new\backend\resource\gallery\00986005-0409.jpg
2026-02-02 15:58:27.044 | INFO     | app.core.db_handler.img_handler:add_img_to_database:61 - Image added successfully: ID=13, Path=D:\code\ProjectDemo\imageserch\DEMO\CI_new\backend\resource\gallery\00986073-0574.jpg
2026-02-02 15:58:27.098 | INFO     | app.core.db_handler.img_handler:add_img_to_database:61 - Image added successfully: ID=14, Path=D:\code\ProjectDemo\imageserch\DEMO\CI_new\backend\resource\gallery\00986114-0751.jpg
2026-02-02 15:58:27.169 | INFO     | app.core.db_handler.img_handler:add_img_to_database:61 - Image added successfully: ID=15, Path=D:\code\ProjectDemo\imageserch\DEMO\CI_new\backend\resource\gallery\00986211-0228.jpg
2026-02-02 15:58:27.217 | INFO     | app.core.db_handler.img_handler:add_img_to_database:61 - Image added successfully: ID=16, Path=D:\code\ProjectDemo\imageserch\DEMO\CI_new\backend\resource\gallery\00986239-0478.jpg
2026-02-02 15:58:27.265 | INFO     | app.core.db_handler.img_handler:add_img_to_database:61 - Image added successfully: ID=17, Path=D:\code\ProjectDemo\imageserch\DEMO\CI_new\backend\resource\gallery\00986243-0793.jpg
2026-02-02 15:58:27.310 | INFO     | app.core.db_handler.img_handler:add_img_to_database:61 - Image added successfully: ID=18, Path=D:\code\ProjectDemo\imageserch\DEMO\CI_new\backend\resource\gallery\00986284-0452.jpg
2026-02-02 15:58:27.361 | INFO     | app.core.db_handler.img_handler:add_img_to_database:61 - Image added successfully: ID=19, Path=D:\code\ProjectDemo\imageserch\DEMO\CI_new\backend\resource\gallery\00986315-0434.jpg
2026-02-02 15:58:27.421 | INFO     | app.core.db_handler.img_handler:add_img_to_database:61 - Image added successfully: ID=20, Path=D:\code\ProjectDemo\imageserch\DEMO\CI_new\backend\resource\gallery\00986390-0470.jpg
2026-02-02 15:58:27.483 | INFO     | app.core.db_handler.img_handler:add_img_to_database:61 - Image added successfully: ID=21, Path=D:\code\ProjectDemo\imageserch\DEMO\CI_new\backend\resource\gallery\00986403-0741.jpg
2026-02-02 15:59:22.152 | INFO     | app.core.utils:duplicate_check:36 - Duplicate detected: Image with hash 6949691711c1d450d70658bbe8e5dbcb already exists.
2026-02-02 15:59:22.210 | INFO     | app.core.utils:duplicate_check:36 - Duplicate detected: Image with hash 5cdd1cfddbe48d9b4e7a688f01f6f8ac already exists.
2026-02-02 15:59:22.273 | INFO     | app.core.utils:duplicate_check:36 - Duplicate detected: Image with hash 54233fd0196c703d9b56b194dbfb1c9c already exists.
2026-02-02 15:59:22.326 | INFO     | app.core.utils:duplicate_check:36 - Duplicate detected: Image with hash 129ca38c8588df4a2f74fecfb3384ae0 already exists.
2026-02-02 15:59:22.376 | INFO     | app.core.utils:duplicate_check:36 - Duplicate detected: Image with hash e07129cd48c1feae819ebcfffd6754ca already exists.
2026-02-02 15:59:22.419 | INFO     | app.core.utils:duplicate_check:36 - Duplicate detected: Image with hash 6dc799dc961be69a761866774611e46f already exists.
2026-02-02 15:59:22.459 | INFO     | app.core.utils:duplicate_check:36 - Duplicate detected: Image with hash 87fdd3d511b2d12c64c4aee5884c3c60 already exists.
2026-02-02 15:59:22.495 | INFO     | app.core.utils:duplicate_check:36 - Duplicate detected: Image with hash 81e051469906e177aac60deeb7e549d6 already exists.
2026-02-02 15:59:22.526 | INFO     | app.core.utils:duplicate_check:36 - Duplicate detected: Image with hash a81c343cb594e102089f52301f481640 already exists.
2026-02-02 15:59:22.563 | INFO     | app.core.utils:duplicate_check:36 - Duplicate detected: Image with hash 233d9c761f80de1b40e8d3d4a1bf52d7 already exists.
2026-02-02 15:59:22.593 | INFO     | app.core.utils:duplicate_check:36 - Duplicate detected: Image with hash 62908c6f80134547f96b1624ffdc1be5 already exists.
2026-02-02 15:59:22.638 | INFO     | app.core.utils:duplicate_check:36 - Duplicate detected: Image with hash 2f9421b0e9c369c162805510bf9a3bd8 already exists.
2026-02-02 15:59:22.686 | INFO     | app.core.utils:duplicate_check:36 - Duplicate detected: Image with hash f07316014b29c1beafd33bb8c9acb06b already exists.
2026-02-02 15:59:22.729 | INFO     | app.core.utils:duplicate_check:36 - Duplicate detected: Image with hash e63d288023db73dcc7947ab10e29bf97 already exists.
2026-02-02 15:59:22.784 | INFO     | app.core.utils:duplicate_check:36 - Duplicate detected: Image with hash 4eb9a702549e4383b7ab6a591b8d9043 already exists.
2026-02-02 15:59:22.818 | INFO     | app.core.utils:duplicate_check:36 - Duplicate detected: Image with hash fa3cb6083a9261a2c5764436ed492040 already exists.
2026-02-02 15:59:22.853 | INFO     | app.core.utils:duplicate_check:36 - Duplicate detected: Image with hash 197af5574a069cada8b20487fbf0f750 already exists.
2026-02-02 15:59:22.884 | INFO     | app.core.utils:duplicate_check:36 - Duplicate detected: Image with hash 22c4af1edec0c5834d1d81dfaa5b5a50 already exists.
2026-02-02 15:59:22.919 | INFO     | app.core.utils:duplicate_check:36 - Duplicate detected: Image with hash 79e5c82f787e1c7ff446874b89b9b678 already exists.
2026-02-02 15:59:22.959 | INFO     | app.core.utils:duplicate_check:36 - Duplicate detected: Image with hash 0013f311cb4315460322fdfcff0905ad already exists.
2026-02-02 15:59:23.004 | INFO     | app.core.utils:duplicate_check:36 - Duplicate detected: Image with hash aef94c0a76cb2abb89a7d34ad4f8f470 already exists.
2026-02-02 16:00:53.123 | INFO     | app.core.utils:duplicate_check:36 - Duplicate detected: Image with hash 6949691711c1d450d70658bbe8e5dbcb already exists.
2026-02-02 16:00:53.181 | INFO     | app.core.utils:duplicate_check:36 - Duplicate detected: Image with hash 5cdd1cfddbe48d9b4e7a688f01f6f8ac already exists.
2026-02-02 16:00:53.246 | INFO     | app.core.utils:duplicate_check:36 - Duplicate detected: Image with hash 54233fd0196c703d9b56b194dbfb1c9c already exists.
2026-02-02 16:00:53.302 | INFO     | app.core.utils:duplicate_check:36 - Duplicate detected: Image with hash 129ca38c8588df4a2f74fecfb3384ae0 already exists.
2026-02-02 16:00:53.347 | INFO     | app.core.utils:duplicate_check:36 - Duplicate detected: Image with hash e07129cd48c1feae819ebcfffd6754ca already exists.
2026-02-02 16:00:53.387 | INFO     | app.core.utils:duplicate_check:36 - Duplicate detected: Image with hash 6dc799dc961be69a761866774611e46f already exists.
2026-02-02 16:00:53.423 | INFO     | app.core.utils:duplicate_check:36 - Duplicate detected: Image with hash 87fdd3d511b2d12c64c4aee5884c3c60 already exists.
2026-02-02 16:00:53.457 | INFO     | app.core.utils:duplicate_check:36 - Duplicate detected: Image with hash 81e051469906e177aac60deeb7e549d6 already exists.
2026-02-02 16:00:53.489 | INFO     | app.core.utils:duplicate_check:36 - Duplicate detected: Image with hash a81c343cb594e102089f52301f481640 already exists.
2026-02-02 16:00:53.525 | INFO     | app.core.utils:duplicate_check:36 - Duplicate detected: Image with hash 233d9c761f80de1b40e8d3d4a1bf52d7 already exists.
2026-02-02 16:00:53.556 | INFO     | app.core.utils:duplicate_check:36 - Duplicate detected: Image with hash 62908c6f80134547f96b1624ffdc1be5 already exists.
2026-02-02 16:00:53.596 | INFO     | app.core.utils:duplicate_check:36 - Duplicate detected: Image with hash 2f9421b0e9c369c162805510bf9a3bd8 already exists.
2026-02-02 16:00:53.638 | INFO     | app.core.utils:duplicate_check:36 - Duplicate detected: Image with hash f07316014b29c1beafd33bb8c9acb06b already exists.
2026-02-02 16:00:53.678 | INFO     | app.core.utils:duplicate_check:36 - Duplicate detected: Image with hash e63d288023db73dcc7947ab10e29bf97 already exists.
2026-02-02 16:00:53.727 | INFO     | app.core.utils:duplicate_check:36 - Duplicate detected: Image with hash 4eb9a702549e4383b7ab6a591b8d9043 already exists.
2026-02-02 16:00:53.761 | INFO     | app.core.utils:duplicate_check:36 - Duplicate detected: Image with hash fa3cb6083a9261a2c5764436ed492040 already exists.
2026-02-02 16:00:53.796 | INFO     | app.core.utils:duplicate_check:36 - Duplicate detected: Image with hash 197af5574a069cada8b20487fbf0f750 already exists.
2026-02-02 16:00:53.827 | INFO     | app.core.utils:duplicate_check:36 - Duplicate detected: Image with hash 22c4af1edec0c5834d1d81dfaa5b5a50 already exists.
2026-02-02 16:00:53.863 | INFO     | app.core.utils:duplicate_check:36 - Duplicate detected: Image with hash 79e5c82f787e1c7ff446874b89b9b678 already exists.
2026-02-02 16:00:53.904 | INFO     | app.core.utils:duplicate_check:36 - Duplicate detected: Image with hash 0013f311cb4315460322fdfcff0905ad already exists.
2026-02-02 16:00:53.948 | INFO     | app.core.utils:duplicate_check:36 - Duplicate detected: Image with hash aef94c0a76cb2abb89a7d34ad4f8f470 already exists.
2026-02-02 16:01:48.274 | INFO     | app.core.db_handler.img_handler:add_img_to_database:61 - Image added successfully: ID=22, Path=D:\code\ProjectDemo\imageserch\DEMO\CI_new\backend\resource\gallery\image.png
2026-02-02 16:16:56.855 | INFO     | app.core.clip_handler:__init__:35 - CLIP instance created. Device: cuda (Model not loaded yet)
2026-02-02 16:17:00.829 | INFO     | app.core.clip_handler:_ensure_model_loaded:52 - CLIP model loaded successfully.
2026-02-02 16:17:46.232 | INFO     | app.core.clip_handler:__init__:35 - CLIP instance created. Device: cuda (Model not loaded yet)
2026-02-02 16:17:49.510 | INFO     | app.core.clip_handler:_ensure_model_loaded:52 - CLIP model loaded successfully.
2026-02-02 16:17:49.871 | INFO     | app.core.db_handler.img_handler:add_img_to_database:61 - Image added successfully: ID=23, Path=D:/code/ProjectDemo/imageserch/DEMO/CI_new/backend/resource/gallery/image.png
